<WORD>     : nanatsu
<WORD>     : no
<WORD>     : taizai
<WORD>     : Hentai
<WORD>     : porno
<WORD>     : videa
<OTHER>    : [
<WORD>     : tag
<OTHER>    : ]
<OTHER>    : |
<WORD>     : XAnimu
<OTHER>    : .
<WORD>     : com
<OTHER>    : <
<WORD>     : meta
<WORD>     : name
<OTHER>    : =
<OTHER>    : "
<WORD>     : description
<OTHER>    : "
<WORD>     : content
<OTHER>    : =
<OTHER>    : "
<WORD>     : Hentai
<WORD>     : videa
<WORD>     : ozna
<OTHER>    : č
<WORD>     : en
<OTHER>    : „
<WORD>     : nanatsu
<WORD>     : no
<WORD>     : taizai
<OTHER>    : “
<OTHER>    : .
<WORD>     : Kreslen
<WORD>     : film
<OTHER>    : ,
<WORD>     : hentai
<WORD>     : a
<WORD>     : manga
<WORD>     : porno
<WORD>     : videa
<WORD>     : zdarma
<OTHER>    : .
<WORD>     : Pouze
<WORD>     : na
<WORD>     : Xanimu
<OTHER>    : .
<WORD>     : com
<WORD>     : najdete
<WORD>     : spoustu
<WORD>     : nanatsu
<WORD>     : bez
<WORD>     : taizai
<WORD>     : porno
<WORD>     : vide
<OTHER>    : ,
<WORD>     : kter
<WORD>     : jsou
<WORD>     : p
<OTHER>    : ř
<WORD>     : esn
<OTHER>    : ě
<WORD>     : vybr
<WORD>     : na
<OTHER>    : !
<OTHER>    : "
<OTHER>    : >
<OTHER>    : ,
<OTHER>    : "
<WORD>     : description
<OTHER>    : "
<OTHER>    : :
<OTHER>    : "
<WORD>     : Hentai
<WORD>     : videa
<WORD>     : ozna
<OTHER>    : č
<WORD>     : en
<OTHER>    : „
<WORD>     : nanatsu
<WORD>     : no
<WORD>     : taizai
<OTHER>    : “
<OTHER>    : .
<WORD>     : Kreslen
<WORD>     : film
<OTHER>    : ,
<WORD>     : hentai
<WORD>     : a
<WORD>     : manga
<WORD>     : porno
<WORD>     : videa
<WORD>     : zdarma
<OTHER>    : .
<WORD>     : Pouze
<WORD>     : na
<WORD>     : Xanimu
<OTHER>    : .
<WORD>     : com
<WORD>     : najdete
<WORD>     : spoustu
<WORD>     : nanatsu
<WORD>     : bez
<WORD>     : taizai
<WORD>     : porno
<WORD>     : vide
<OTHER>    : ,
<WORD>     : kter
<WORD>     : jsou
<WORD>     : p
<OTHER>    : ř
<WORD>     : esn
<OTHER>    : ě
<WORD>     : vybr
<WORD>     : na
<OTHER>    : !
<OTHER>    : "
<OTHER>    : ,
<OTHER>    : "
<WORD>     : url
<OTHER>    : "
<OTHER>    : :
<OTHER>    : "
<WORD>     : https
<OTHER>    : :
<OTHER>    : \
<OTHER>    : /
<OTHER>    : \
<OTHER>    : /
<WORD>     : xanimu
<OTHER>    : .
<WORD>     : com
<OTHER>    : /
<WORD>     : cs
<OTHER>    : \
<OTHER>    : /
<OTHER>    : %
<WORD>     : C
<NUMBER>   : 5
<OTHER>    : %
<WORD>     : A
<NUMBER>   : 1
<WORD>     : t
<OTHER>    : %
<WORD>     : C
<NUMBER>   : 3
<OTHER>    : %
<WORD>     : ADtek
<OTHER>    : \
<OTHER>    : /
<NUMBER>   : 17350
<OTHER>    : -
<WORD>     : nanatsu
<OTHER>    : -
<WORD>     : bez
<OTHER>    : -
<WORD>     : taizai
<OTHER>    : \
<OTHER>    : /
<OTHER>    : "
<OTHER>    : ,
<OTHER>    : "
<OTHER>    : @
<WORD>     : id
<OTHER>    : "
<OTHER>    : :
<OTHER>    : "
<WORD>     : https
<OTHER>    : :
<OTHER>    : \
<OTHER>    : /
<OTHER>    : \
<OTHER>    : /
<WORD>     : xanimu
<OTHER>    : .
<WORD>     : com
<OTHER>    : \
<OTHER>    : /
<WORD>     : tag
<OTHER>    : \
<OTHER>    : /
<NUMBER>   : 17350
<OTHER>    : -
<WORD>     : nanatsu
<OTHER>    : -
<WORD>     : no
<OTHER>    : -
<WORD>     : taizai
<OTHER>    : \
<OTHER>    : /
<OTHER>    : #
<WORD>     : webpage
<OTHER>    : "
<OTHER>    : }
<OTHER>    : ,
<OTHER>    : {
<OTHER>    : "
<WORD>     : itemListElement
<OTHER>    : "
<OTHER>    : :
<OTHER>    : [
<OTHER>    : {
<OTHER>    : "
<WORD>     : position
<OTHER>    : "
<OTHER>    : :
<NUMBER>   : 1
<OTHER>    : ,
<OTHER>    : "
<WORD>     : item
<OTHER>    : "
<OTHER>    : :
<OTHER>    : {
<OTHER>    : "
<WORD>     : url
<OTHER>    : "
<OTHER>    : :
<OTHER>    : "
<WORD>     : https
<OTHER>    : :
<OTHER>    : \
<OTHER>    : /
<OTHER>    : \
<OTHER>    : /
<WORD>     : xanimu
<OTHER>    : .
<WORD>     : com
<OTHER>    : /
<WORD>     : cs
<OTHER>    : \
<OTHER>    : /
<OTHER>    : "
<OTHER>    : ,
<OTHER>    : "
<OTHER>    : @
<WORD>     : type
<OTHER>    : "
<OTHER>    : :
<OTHER>    : "
<WORD>     : WebPage
<OTHER>    : "
<OTHER>    : ,
<OTHER>    : "
<WORD>     : name
<OTHER>    : "
<OTHER>    : :
<OTHER>    : "
<WORD>     : Dom
<OTHER>    : ů
<OTHER>    : "
<OTHER>    : ,
<OTHER>    : "
<OTHER>    : @
<WORD>     : id
<OTHER>    : "
<OTHER>    : :
<OTHER>    : "
<WORD>     : https
<OTHER>    : :
<OTHER>    : \
<OTHER>    : /
<OTHER>    : \
<OTHER>    : /
<WORD>     : xanimu
<OTHER>    : .
<WORD>     : com
<OTHER>    : \
<OTHER>    : /
<OTHER>    : "
<OTHER>    : }
<OTHER>    : ,
<OTHER>    : "
<OTHER>    : @
<WORD>     : type
<OTHER>    : "
<OTHER>    : :
<OTHER>    : "
<WORD>     : ListItem
<OTHER>    : "
<OTHER>    : }
<OTHER>    : ,
<OTHER>    : <
<WORD>     : meta
<WORD>     : name
<OTHER>    : =
<OTHER>    : "
<WORD>     : keywords
<OTHER>    : "
<WORD>     : content
<OTHER>    : =
<OTHER>    : "
<WORD>     : Hentai
<OTHER>    : ,
<NUMBER>   : 3
<WORD>     : D
<OTHER>    : ,
<WORD>     : velk
<WORD>     : prsa
<OTHER>    : ,
<WORD>     : SFM
<OTHER>    : ,
<WORD>     : An
<WORD>     : l
<OTHER>    : ,
<WORD>     : Kou
<OTHER>    : ř
<WORD>     : en
<OTHER>    : ,
<WORD>     : Mlad
<OTHER>    : ,
<WORD>     : My
<WORD>     : Little
<WORD>     : Pony
<OTHER>    : (
<WORD>     : MLP
<OTHER>    : )
<OTHER>    : ,
<WORD>     : monstrum
<OTHER>    : ,
<WORD>     : Overwatch
<OTHER>    : ,
<WORD>     : Furry
<OTHER>    : ,
<WORD>     : necenzurovan
<OTHER>    : ,
<WORD>     : Milf
<OTHER>    : ,
<WORD>     : Pokemon
<OTHER>    : ,
<WORD>     : Rwby
<OTHER>    : ,
<WORD>     : Creampie
<OTHER>    : ,
<WORD>     : Naruto
<OTHER>    : ,
<WORD>     : Futanari
<OTHER>    : ,
<WORD>     : World
<WORD>     : of
<WORD>     : Warcraft
<OTHER>    : ,
<WORD>     : Fortnite
<OTHER>    : ,
<WORD>     : Dead
<WORD>     : or
<WORD>     : Alive
<OTHER>    : (
<WORD>     : DoA
<OTHER>    : )
<OTHER>    : ,
<WORD>     : POV
<OTHER>    : ,
<OTHER>    : "
<OTHER>    : >
<WORD>     : English
<WORD>     : X
<WORD>     : English
<WORD>     : Espa
<WORD>     : ol
<WORD>     : Deutsch
<WORD>     : Fran
<WORD>     : ais
<WORD>     : Italiano
<WORD>     : Portugu
<WORD>     : s
<OTHER>    : <
<WORD>     : a
<WORD>     : href
<OTHER>    : =
<OTHER>    : "
<WORD>     : https
<OTHER>    : :
<OTHER>    : /
<OTHER>    : /
<WORD>     : xanimu
<OTHER>    : .
<WORD>     : com
<OTHER>    : /
<WORD>     : ja
<OTHER>    : "
<WORD>     : onclick
<OTHER>    : =
<OTHER>    : "
<WORD>     : changeGTLanguag
<WORD>     : e
<OTHER>    : (
<OTHER>    : '
<WORD>     : en
<OTHER>    : |
<WORD>     : ja
<OTHER>    : '
<OTHER>    : ,
<WORD>     : this
<OTHER>    : )
<OTHER>    : ;
<WORD>     : return
<WORD>     : false
<OTHER>    : ;
<OTHER>    : "
<WORD>     : title
<OTHER>    : =
<OTHER>    : "
<OTHER>    : 本
<OTHER>    : "
<WORD>     : class
<OTHER>    : =
<OTHER>    : "
<WORD>     : glink
<WORD>     : nturl
<OTHER>    : "
<OTHER>    : >
<OTHER>    : 本
<WORD>     : Polski
<OTHER>    : <
<WORD>     : a
<WORD>     : href
<OTHER>    : =
<OTHER>    : "
<WORD>     : https
<OTHER>    : :
<OTHER>    : /
<OTHER>    : /
<WORD>     : xanimu
<OTHER>    : .
<WORD>     : com
<OTHER>    : /
<WORD>     : ru
<OTHER>    : "
<WORD>     : onclick
<OTHER>    : =
<OTHER>    : "
<WORD>     : changeGTLanguag
<WORD>     : e
<OTHER>    : (
<OTHER>    : '
<WORD>     : en
<OTHER>    : |
<WORD>     : ru
<OTHER>    : '
<OTHER>    : ,
<WORD>     : this
<OTHER>    : )
<OTHER>    : ;
<WORD>     : return
<WORD>     : false
<OTHER>    : ;
<OTHER>    : "
<WORD>     : title
<OTHER>    : =
<OTHER>    : "
<OTHER>    : Р
<OTHER>    : у
<OTHER>    : с
<OTHER>    : с
<OTHER>    : к
<OTHER>    : и
<OTHER>    : й
<OTHER>    : "
<WORD>     : class
<OTHER>    : =
<OTHER>    : "
<WORD>     : glink
<WORD>     : nturl
<OTHER>    : "
<OTHER>    : >
<OTHER>    : Р
<OTHER>    : у
<OTHER>    : с
<OTHER>    : с
<OTHER>    : к
<OTHER>    : и
<OTHER>    : й
<OTHER>    : <
<WORD>     : a
<WORD>     : href
<OTHER>    : =
<OTHER>    : "
<WORD>     : https
<OTHER>    : :
<OTHER>    : /
<OTHER>    : /
<WORD>     : xanimu
<OTHER>    : .
<WORD>     : com
<OTHER>    : /
<WORD>     : uk
<OTHER>    : "
<WORD>     : onclick
<OTHER>    : =
<OTHER>    : "
<WORD>     : changeGTLanguag
<WORD>     : e
<OTHER>    : (
<OTHER>    : '
<WORD>     : en
<OTHER>    : |
<WORD>     : uk
<OTHER>    : '
<OTHER>    : ,
<WORD>     : this
<OTHER>    : )
<OTHER>    : ;
<WORD>     : return
<WORD>     : false
<OTHER>    : ;
<OTHER>    : "
<WORD>     : title
<OTHER>    : =
<OTHER>    : "
<OTHER>    : У
<OTHER>    : к
<OTHER>    : р
<OTHER>    : а
<OTHER>    : ї
<OTHER>    : н
<OTHER>    : с
<OTHER>    : ь
<OTHER>    : к
<OTHER>    : а
<OTHER>    : "
<WORD>     : class
<OTHER>    : =
<OTHER>    : "
<WORD>     : glink
<WORD>     : nturl
<OTHER>    : "
<OTHER>    : >
<OTHER>    : У
<OTHER>    : к
<OTHER>    : р
<OTHER>    : а
<OTHER>    : ї
<OTHER>    : н
<OTHER>    : с
<OTHER>    : ь
<OTHER>    : к
<OTHER>    : а
<OTHER>    : <
<WORD>     : a
<WORD>     : href
<OTHER>    : =
<OTHER>    : "
<WORD>     : https
<OTHER>    : :
<OTHER>    : /
<OTHER>    : /
<WORD>     : xanimu
<OTHER>    : .
<WORD>     : com
<OTHER>    : /
<WORD>     : bg
<OTHER>    : "
<WORD>     : onclick
<OTHER>    : =
<OTHER>    : "
<WORD>     : changeGTLanguag
<WORD>     : e
<OTHER>    : (
<OTHER>    : '
<WORD>     : en
<OTHER>    : |
<WORD>     : bg
<OTHER>    : '
<OTHER>    : ,
<WORD>     : this
<OTHER>    : )
<OTHER>    : ;
<WORD>     : return
<WORD>     : false
<OTHER>    : ;
<OTHER>    : "
<WORD>     : title
<OTHER>    : =
<OTHER>    : "
<OTHER>    : Б
<OTHER>    : ъ
<OTHER>    : л
<OTHER>    : г
<OTHER>    : а
<OTHER>    : р
<OTHER>    : с
<OTHER>    : к
<OTHER>    : и
<OTHER>    : "
<WORD>     : class
<OTHER>    : =
<OTHER>    : "
<WORD>     : glink
<WORD>     : nturl
<OTHER>    : "
<OTHER>    : >
<OTHER>    : Б
<OTHER>    : ъ
<OTHER>    : л
<OTHER>    : г
<OTHER>    : а
<OTHER>    : р
<OTHER>    : с
<OTHER>    : к
<OTHER>    : и
<OTHER>    : <
<WORD>     : a
<WORD>     : href
<OTHER>    : =
<OTHER>    : "
<WORD>     : https
<OTHER>    : :
<OTHER>    : /
<OTHER>    : /
<WORD>     : xanimu
<OTHER>    : .
<WORD>     : com
<OTHER>    : /
<WORD>     : cs
<OTHER>    : "
<WORD>     : onclick
<OTHER>    : =
<OTHER>    : "
<WORD>     : changeGTLanguag
<WORD>     : e
<OTHER>    : (
<OTHER>    : '
<WORD>     : en
<OTHER>    : |
<WORD>     : cs
<OTHER>    : '
<OTHER>    : ,
<WORD>     : this
<OTHER>    : )
<OTHER>    : ;
<WORD>     : return
<WORD>     : false
<OTHER>    : ;
<OTHER>    : "
<WORD>     : title
<OTHER>    : =
<OTHER>    : "
<OTHER>    : Č
<WORD>     : e
<OTHER>    : š
<WORD>     : tina
<OTHER>    : ‎
<OTHER>    : "
<WORD>     : class
<OTHER>    : =
<OTHER>    : "
<WORD>     : glink
<WORD>     : nturl
<OTHER>    : "
<OTHER>    : >
<OTHER>    : Č
<WORD>     : e
<OTHER>    : š
<WORD>     : tina
<OTHER>    : ‎
<WORD>     : Dansk
<WORD>     : Nederlands
<WORD>     : Magyar
<OTHER>    : <
<WORD>     : a
<WORD>     : href
<OTHER>    : =
<OTHER>    : "
<WORD>     : https
<OTHER>    : :
<OTHER>    : /
<OTHER>    : /
<WORD>     : xanimu
<OTHER>    : .
<WORD>     : com
<OTHER>    : /
<WORD>     : ko
<OTHER>    : "
<WORD>     : onclick
<OTHER>    : =
<OTHER>    : "
<WORD>     : changeGTLanguag
<WORD>     : e
<OTHER>    : (
<OTHER>    : '
<WORD>     : en
<OTHER>    : |
<WORD>     : ko
<OTHER>    : '
<OTHER>    : ,
<WORD>     : this
<OTHER>    : )
<OTHER>    : ;
<WORD>     : return
<WORD>     : false
<OTHER>    : ;
<OTHER>    : "
<WORD>     : title
<OTHER>    : =
<OTHER>    : "
<OTHER>    : 한
<OTHER>    : 국
<OTHER>    : "
<WORD>     : class
<OTHER>    : =
<OTHER>    : "
<WORD>     : glink
<WORD>     : nturl
<OTHER>    : "
<OTHER>    : >
<OTHER>    : 한
<OTHER>    : 국
<OTHER>    : <
<WORD>     : a
<WORD>     : href
<OTHER>    : =
<OTHER>    : "
<WORD>     : https
<OTHER>    : :
<OTHER>    : /
<OTHER>    : /
<WORD>     : xanimu
<OTHER>    : .
<WORD>     : com
<OTHER>    : /
<WORD>     : sk
<OTHER>    : "
<WORD>     : onclick
<OTHER>    : =
<OTHER>    : "
<WORD>     : changeGTLanguag
<WORD>     : e
<OTHER>    : (
<OTHER>    : '
<WORD>     : en
<OTHER>    : |
<WORD>     : sk
<OTHER>    : '
<OTHER>    : ,
<WORD>     : this
<OTHER>    : )
<OTHER>    : ;
<WORD>     : return
<WORD>     : false
<OTHER>    : ;
<OTHER>    : "
<WORD>     : title
<OTHER>    : =
<OTHER>    : "
<WORD>     : Sloven
<OTHER>    : č
<WORD>     : ina
<OTHER>    : "
<WORD>     : class
<OTHER>    : =
<OTHER>    : "
<WORD>     : glink
<WORD>     : nturl
<OTHER>    : "
<OTHER>    : >
<WORD>     : Sloven
<OTHER>    : č
<WORD>     : ina
<WORD>     : Svenska
<WORD>     : T
<WORD>     : rk
<WORD>     : e
<OTHER>    : &
<OTHER>    : #
<NUMBER>   : 9660
<OTHER>    : ;
<OTHER>    : '
<OTHER>    : )
<OTHER>    : ;
<WORD>     : closeGTPopup
<OTHER>    : (
<OTHER>    : )
<OTHER>    : ;
<OTHER>    : }
<WORD>     : jQuery
<OTHER>    : (
<OTHER>    : '
<OTHER>    : .
<WORD>     : gt
<OTHER>    : _
<WORD>     : black
<OTHER>    : _
<WORD>     : overlay
<OTHER>    : '
<OTHER>    : )
<OTHER>    : .
<WORD>     : click
<OTHER>    : (
<WORD>     : function
<OTHER>    : (
<WORD>     : e
<OTHER>    : )
<OTHER>    : )
<OTHER>    : ;
<WORD>     : Domovsk
<WORD>     : str
<WORD>     : nka
<WORD>     : Kategorie
<WORD>     : Postavy
<WORD>     : Tagy
<WORD>     : ThePornDude
<WORD>     : Cosplay
<WORD>     : Porno
<WORD>     : Hardcore
<WORD>     : Asiatky
<WORD>     : Hlavn
<WORD>     : menu
<WORD>     : Domovsk
<WORD>     : str
<WORD>     : nka
<WORD>     : Kategorie
<WORD>     : Tagy
<WORD>     : Postavy
<WORD>     : M
<OTHER>    : ě
<WORD>     : l
<WORD>     : bys
<WORD>     : zkusit
<OTHER>    : <
<WORD>     : a
<WORD>     : href
<OTHER>    : =
<OTHER>    : "
<WORD>     : https
<OTHER>    : :
<OTHER>    : /
<OTHER>    : /
<WORD>     : your
<OTHER>    : -
<WORD>     : sexy
<OTHER>    : -
<WORD>     : dream
<NUMBER>   : 2
<OTHER>    : .
<WORD>     : com
<OTHER>    : /
<OTHER>    : ?
<WORD>     : u
<OTHER>    : =
<NUMBER>   : 6
<WORD>     : hakd
<NUMBER>   : 0
<WORD>     : x
<OTHER>    : &
<WORD>     : amp
<OTHER>    : ;
<WORD>     : o
<OTHER>    : =
<WORD>     : u
<NUMBER>   : 37
<WORD>     : bgv
<NUMBER>   : 7
<OTHER>    : &
<WORD>     : amp
<OTHER>    : ;
<WORD>     : t
<OTHER>    : =
<WORD>     : xanimu
<OTHER>    : -
<WORD>     : menu
<OTHER>    : "
<WORD>     : rel
<OTHER>    : =
<OTHER>    : "
<WORD>     : nofollow
<WORD>     : noopener
<OTHER>    : "
<WORD>     : class
<OTHER>    : =
<OTHER>    : "
<WORD>     : mobile
<OTHER>    : -
<WORD>     : menu
<OTHER>    : -
<WORD>     : href
<OTHER>    : "
<WORD>     : title
<OTHER>    : =
<OTHER>    : "
<WORD>     : Najd
<OTHER>    : ě
<WORD>     : te
<WORD>     : d
<WORD>     : vku
<WORD>     : pro
<WORD>     : sex
<OTHER>    : !
<OTHER>    : "
<WORD>     : target
<OTHER>    : =
<OTHER>    : "
<OTHER>    : _
<WORD>     : blank
<OTHER>    : "
<OTHER>    : >
<WORD>     : Najd
<OTHER>    : ě
<WORD>     : te
<WORD>     : d
<WORD>     : vku
<WORD>     : pro
<WORD>     : sex
<OTHER>    : !
<WORD>     : Bezplatn
<WORD>     : porno
<WORD>     : hry
<WORD>     : D
<WORD>     : vky
<WORD>     : na
<WORD>     : webovou
<WORD>     : kameru
<WORD>     : ThePornDude
<WORD>     : Doporu
<OTHER>    : č
<WORD>     : ujeme
<WORD>     : Cosplay
<WORD>     : porno
<WORD>     : Hardcore
<WORD>     : Asijsk
<WORD>     : porno
<WORD>     : Naruto
<WORD>     : Fortnite
<WORD>     : Vore
<OTHER>    : <
<WORD>     : a
<WORD>     : href
<OTHER>    : =
<OTHER>    : "
<WORD>     : https
<OTHER>    : :
<OTHER>    : /
<OTHER>    : /
<WORD>     : xanimu
<OTHER>    : .
<WORD>     : com
<OTHER>    : /
<WORD>     : cs
<OTHER>    : /
<WORD>     : k
<OTHER>    : %
<WORD>     : C
<NUMBER>   : 5
<OTHER>    : %
<WORD>     : AF
<OTHER>    : %
<WORD>     : C
<NUMBER>   : 5
<OTHER>    : %
<NUMBER>   : 88
<OTHER>    : -
<WORD>     : hentai
<OTHER>    : /
<OTHER>    : "
<WORD>     : class
<OTHER>    : =
<OTHER>    : "
<WORD>     : label
<OTHER>    : -
<WORD>     : cat
<OTHER>    : "
<WORD>     : title
<OTHER>    : =
<OTHER>    : "
<WORD>     : K
<OTHER>    : ů
<OTHER>    : ň
<OTHER>    : "
<OTHER>    : >
<WORD>     : K
<OTHER>    : ů
<OTHER>    : ň
<WORD>     : Furry
<NUMBER>   : 3
<WORD>     : D
<WORD>     : Pokemon
<WORD>     : MLP
<WORD>     : Loli
<OTHER>    : <
<WORD>     : a
<WORD>     : href
<OTHER>    : =
<OTHER>    : "
<WORD>     : https
<OTHER>    : :
<OTHER>    : /
<OTHER>    : /
<WORD>     : xanimu
<OTHER>    : .
<WORD>     : com
<OTHER>    : /
<WORD>     : cs
<OTHER>    : /
<WORD>     : ob
<OTHER>    : %
<WORD>     : C
<NUMBER>   : 5
<OTHER>    : %
<NUMBER>   : 99
<OTHER>    : %
<WORD>     : C
<NUMBER>   : 3
<OTHER>    : %
<WORD>     : AD
<OTHER>    : -
<WORD>     : hentai
<OTHER>    : /
<OTHER>    : "
<WORD>     : class
<OTHER>    : =
<OTHER>    : "
<WORD>     : label
<OTHER>    : -
<WORD>     : cat
<OTHER>    : "
<WORD>     : title
<OTHER>    : =
<OTHER>    : "
<WORD>     : Ob
<OTHER>    : ř
<WORD>     : i
<OTHER>    : "
<OTHER>    : >
<WORD>     : Ob
<OTHER>    : ř
<WORD>     : i
<WORD>     : Frozen
<WORD>     : Minecraft
<WORD>     : Overwatch
<WORD>     : Futanari
<WORD>     : Netvor
<WORD>     : Simpsonovi
<WORD>     : RWBY
<WORD>     : Chapadla
<WORD>     : The
<WORD>     : Witcher
<WORD>     : Tomb
<WORD>     : Raider
<WORD>     : Necenzurovan
<WORD>     : SFM
<WORD>     : VR
<WORD>     : World
<WORD>     : of
<WORD>     : Warcraft
<WORD>     : Yuri
<WORD>     : Zootopia
<WORD>     : BDSM
<WORD>     : Ahegao
<WORD>     : Beastiality
<OTHER>    : <
<WORD>     : a
<WORD>     : href
<OTHER>    : =
<OTHER>    : "
<WORD>     : https
<OTHER>    : :
<OTHER>    : /
<OTHER>    : /
<WORD>     : xanimu
<OTHER>    : .
<WORD>     : com
<OTHER>    : /
<WORD>     : cs
<OTHER>    : /
<WORD>     : expanze
<OTHER>    : -
<WORD>     : prsou
<OTHER>    : -
<WORD>     : hentai
<OTHER>    : /
<OTHER>    : "
<WORD>     : class
<OTHER>    : =
<OTHER>    : "
<WORD>     : label
<OTHER>    : -
<WORD>     : cat
<OTHER>    : "
<WORD>     : title
<OTHER>    : =
<OTHER>    : "
<WORD>     : Zv
<OTHER>    : ě
<WORD>     : t
<OTHER>    : š
<WORD>     : en
<WORD>     : prsou
<OTHER>    : "
<OTHER>    : >
<WORD>     : Zv
<OTHER>    : ě
<WORD>     : t
<OTHER>    : š
<WORD>     : en
<WORD>     : prsou
<WORD>     : Cum
<WORD>     : Inflation
<WORD>     : Dragon
<WORD>     : Ball
<WORD>     : Z
<WORD>     : Futurama
<WORD>     : Gender
<WORD>     : Bender
<WORD>     : League
<WORD>     : of
<WORD>     : Legends
<OTHER>    : <
<WORD>     : a
<WORD>     : href
<OTHER>    : =
<OTHER>    : "
<OTHER>    : /
<WORD>     : cs
<OTHER>    : /
<WORD>     : kategorie
<OTHER>    : /
<OTHER>    : "
<WORD>     : class
<OTHER>    : =
<OTHER>    : "
<WORD>     : all
<OTHER>    : -
<WORD>     : cat
<OTHER>    : "
<WORD>     : title
<OTHER>    : =
<OTHER>    : "
<WORD>     : zobrazit
<WORD>     : v
<OTHER>    : š
<WORD>     : echny
<WORD>     : kategorie
<OTHER>    : "
<OTHER>    : >
<WORD>     : V
<OTHER>    : š
<WORD>     : echny
<WORD>     : kategorie
<WORD>     : nanatsu
<WORD>     : no
<WORD>     : taizai
<WORD>     : Hentai
<WORD>     : Sex
<WORD>     : Nejnov
<OTHER>    : ě
<WORD>     : j
<OTHER>    : š
<WORD>     : Nejlep
<OTHER>    : š
<WORD>     : Nejsledovan
<OTHER>    : ě
<WORD>     : j
<OTHER>    : š
<WORD>     : Nejdel
<OTHER>    : š
<WORD>     : Chce
<OTHER>    : š
<WORD>     : si
<WORD>     : vyhonit
<WORD>     : s
<WORD>     : d
<WORD>     : vkou
<WORD>     : online
<OTHER>    : ?
<WORD>     : Ur
<OTHER>    : č
<WORD>     : it
<OTHER>    : ě
<WORD>     : jo
<OTHER>    : !
<WORD>     : HD
<OTHER>    : <
<WORD>     : a
<WORD>     : class
<OTHER>    : =
<OTHER>    : "
<WORD>     : infos
<OTHER>    : "
<WORD>     : href
<OTHER>    : =
<OTHER>    : "
<WORD>     : https
<OTHER>    : :
<OTHER>    : /
<OTHER>    : /
<WORD>     : xanimu
<OTHER>    : .
<WORD>     : com
<OTHER>    : /
<WORD>     : cs
<OTHER>    : /
<NUMBER>   : 42070
<OTHER>    : -
<NUMBER>   : 3
<WORD>     : d
<OTHER>    : -
<WORD>     : hentai
<OTHER>    : -
<WORD>     : futa
<OTHER>    : -
<WORD>     : sedm
<OTHER>    : -
<WORD>     : smrteln
<OTHER>    : %
<WORD>     : C
<NUMBER>   : 3
<OTHER>    : %
<WORD>     : BDch
<OTHER>    : -
<WORD>     : h
<OTHER>    : %
<WORD>     : C
<NUMBER>   : 5
<OTHER>    : %
<NUMBER>   : 99
<OTHER>    : %
<WORD>     : C
<NUMBER>   : 3
<OTHER>    : %
<WORD>     : ADch
<OTHER>    : %
<WORD>     : C
<NUMBER>   : 5
<OTHER>    : %
<WORD>     : AF
<OTHER>    : -
<WORD>     : melascula
<OTHER>    : -
<WORD>     : x
<OTHER>    : -
<WORD>     : guila
<OTHER>    : /
<OTHER>    : "
<WORD>     : title
<OTHER>    : =
<OTHER>    : "
<OTHER>    : (
<NUMBER>   : 3
<WORD>     : d
<WORD>     : Hentai
<OTHER>    : )
<OTHER>    : (
<WORD>     : futa
<OTHER>    : )
<OTHER>    : (
<WORD>     : sedm
<WORD>     : smrteln
<WORD>     : ch
<WORD>     : h
<OTHER>    : ř
<WORD>     : ch
<OTHER>    : ů
<OTHER>    : )
<WORD>     : Melascula
<WORD>     : X
<WORD>     : Guila
<OTHER>    : "
<OTHER>    : >
<OTHER>    : (
<NUMBER>   : 3
<WORD>     : d
<WORD>     : Hentai
<OTHER>    : )
<OTHER>    : (
<WORD>     : futa
<OTHER>    : )
<OTHER>    : (
<WORD>     : sedm
<WORD>     : smrteln
<WORD>     : ch
<WORD>     : h
<OTHER>    : ř
<WORD>     : ch
<OTHER>    : ů
<OTHER>    : )
<WORD>     : Melascula
<WORD>     : X
<WORD>     : Guila
<NUMBER>   : 8823
<NUMBER>   : 62
<OTHER>    : %
<NUMBER>   : 09
<OTHER>    : :
<NUMBER>   : 57
<WORD>     : HD
<OTHER>    : <
<WORD>     : a
<WORD>     : class
<OTHER>    : =
<OTHER>    : "
<WORD>     : infos
<OTHER>    : "
<WORD>     : href
<OTHER>    : =
<OTHER>    : "
<WORD>     : https
<OTHER>    : :
<OTHER>    : /
<OTHER>    : /
<WORD>     : xanimu
<OTHER>    : .
<WORD>     : com
<OTHER>    : /
<WORD>     : cs
<OTHER>    : /
<NUMBER>   : 42037
<OTHER>    : -
<WORD>     : je
<OTHER>    : -
<WORD>     : sedm
<OTHER>    : -
<WORD>     : lesn
<OTHER>    : %
<WORD>     : C
<NUMBER>   : 3
<OTHER>    : %
<WORD>     : ADch
<OTHER>    : -
<WORD>     : h
<OTHER>    : %
<WORD>     : C
<NUMBER>   : 5
<OTHER>    : %
<NUMBER>   : 99
<OTHER>    : %
<WORD>     : C
<NUMBER>   : 3
<OTHER>    : %
<WORD>     : AD
<OTHER>    : %
<WORD>     : C
<NUMBER>   : 5
<OTHER>    : %
<WORD>     : A
<NUMBER>   : 1
<WORD>     : n
<OTHER>    : %
<WORD>     : C
<NUMBER>   : 3
<OTHER>    : %
<WORD>     : BDch
<OTHER>    : -
<WORD>     : obr
<OTHER>    : %
<WORD>     : C
<NUMBER>   : 5
<OTHER>    : %
<WORD>     : AF
<OTHER>    : -
<WORD>     : v
<OTHER>    : -
<WORD>     : prdeli
<OTHER>    : -
<WORD>     : v
<OTHER>    : -
<WORD>     : lese
<OTHER>    : /
<OTHER>    : "
<WORD>     : title
<OTHER>    : =
<OTHER>    : "
<WORD>     : Sedm
<WORD>     : smrteln
<WORD>     : ch
<WORD>     : h
<OTHER>    : ř
<WORD>     : ch
<OTHER>    : ů
<OTHER>    : ,
<WORD>     : obryn
<OTHER>    : ě
<WORD>     : je
<WORD>     : v
<WORD>     : prdeli
<WORD>     : v
<WORD>     : lese
<OTHER>    : "
<OTHER>    : >
<WORD>     : Sedm
<WORD>     : smrteln
<WORD>     : ch
<WORD>     : h
<OTHER>    : ř
<WORD>     : ch
<OTHER>    : ů
<OTHER>    : ,
<WORD>     : obryn
<OTHER>    : ě
<WORD>     : je
<WORD>     : v
<WORD>     : prdeli
<WORD>     : v
<WORD>     : lese
<NUMBER>   : 4479
<NUMBER>   : 86
<OTHER>    : %
<NUMBER>   : 03
<OTHER>    : :
<NUMBER>   : 26
<WORD>     : HD
<OTHER>    : <
<WORD>     : a
<WORD>     : class
<OTHER>    : =
<OTHER>    : "
<WORD>     : infos
<OTHER>    : "
<WORD>     : href
<OTHER>    : =
<OTHER>    : "
<WORD>     : https
<OTHER>    : :
<OTHER>    : /
<OTHER>    : /
<WORD>     : xanimu
<OTHER>    : .
<WORD>     : com
<OTHER>    : /
<WORD>     : cs
<OTHER>    : /
<NUMBER>   : 42059
<OTHER>    : -
<WORD>     : o
<OTHER>    : %
<WORD>     : C
<NUMBER>   : 5
<OTHER>    : %
<WORD>     : BEiveno
<OTHER>    : -
<WORD>     : sedm
<OTHER>    : -
<WORD>     : smrteln
<OTHER>    : %
<WORD>     : C
<NUMBER>   : 3
<OTHER>    : %
<WORD>     : BDch
<OTHER>    : -
<WORD>     : h
<OTHER>    : %
<WORD>     : C
<NUMBER>   : 5
<OTHER>    : %
<NUMBER>   : 99
<OTHER>    : %
<WORD>     : C
<NUMBER>   : 3
<OTHER>    : %
<WORD>     : ADch
<OTHER>    : %
<WORD>     : C
<NUMBER>   : 5
<OTHER>    : %
<WORD>     : AF
<OTHER>    : -
<WORD>     : pov
<OTHER>    : /
<OTHER>    : "
<WORD>     : title
<OTHER>    : =
<OTHER>    : "
<WORD>     : Sedm
<WORD>     : smrteln
<WORD>     : ch
<WORD>     : h
<OTHER>    : ř
<WORD>     : ch
<OTHER>    : ů
<WORD>     : Jericho
<WORD>     : Animovan
<WORD>     : Pov
<OTHER>    : "
<OTHER>    : >
<WORD>     : Sedm
<WORD>     : smrteln
<WORD>     : ch
<WORD>     : h
<OTHER>    : ř
<WORD>     : ch
<OTHER>    : ů
<WORD>     : Jericho
<WORD>     : Animovan
<WORD>     : Pov
<NUMBER>   : 9319
<NUMBER>   : 83
<OTHER>    : %
<NUMBER>   : 13
<OTHER>    : :
<NUMBER>   : 11
<WORD>     : HD
<OTHER>    : <
<WORD>     : a
<WORD>     : class
<OTHER>    : =
<OTHER>    : "
<WORD>     : infos
<OTHER>    : "
<WORD>     : href
<OTHER>    : =
<OTHER>    : "
<WORD>     : https
<OTHER>    : :
<OTHER>    : /
<OTHER>    : /
<WORD>     : xanimu
<OTHER>    : .
<WORD>     : com
<OTHER>    : /
<WORD>     : cs
<OTHER>    : /
<NUMBER>   : 42080
<OTHER>    : -
<NUMBER>   : 3
<WORD>     : d
<OTHER>    : -
<WORD>     : hentai
<OTHER>    : -
<WORD>     : sedm
<OTHER>    : -
<WORD>     : smrteln
<OTHER>    : %
<WORD>     : C
<NUMBER>   : 3
<OTHER>    : %
<WORD>     : BDch
<OTHER>    : -
<WORD>     : h
<OTHER>    : %
<WORD>     : C
<NUMBER>   : 5
<OTHER>    : %
<NUMBER>   : 99
<OTHER>    : %
<WORD>     : C
<NUMBER>   : 3
<OTHER>    : %
<WORD>     : ADch
<OTHER>    : %
<WORD>     : C
<NUMBER>   : 5
<OTHER>    : %
<WORD>     : AF
<OTHER>    : -
<WORD>     : sex
<OTHER>    : -
<WORD>     : s
<OTHER>    : -
<WORD>     : diane
<OTHER>    : /
<OTHER>    : "
<WORD>     : title
<OTHER>    : =
<OTHER>    : "
<OTHER>    : (
<NUMBER>   : 3
<WORD>     : d
<WORD>     : Hentai
<OTHER>    : )
<OTHER>    : (
<WORD>     : sedm
<WORD>     : smrteln
<WORD>     : ch
<WORD>     : h
<OTHER>    : ř
<WORD>     : ch
<OTHER>    : ů
<OTHER>    : )
<WORD>     : Sex
<WORD>     : s
<WORD>     : Diane
<OTHER>    : "
<OTHER>    : >
<OTHER>    : (
<NUMBER>   : 3
<WORD>     : d
<WORD>     : Hentai
<OTHER>    : )
<OTHER>    : (
<WORD>     : sedm
<WORD>     : smrteln
<WORD>     : ch
<WORD>     : h
<OTHER>    : ř
<WORD>     : ch
<OTHER>    : ů
<OTHER>    : )
<WORD>     : Sex
<WORD>     : s
<WORD>     : Diane
<NUMBER>   : 8073
<NUMBER>   : 78
<OTHER>    : %
<NUMBER>   : 10
<OTHER>    : :
<NUMBER>   : 26
<WORD>     : HD
<WORD>     : TOP
<OTHER>    : <
<WORD>     : a
<WORD>     : class
<OTHER>    : =
<OTHER>    : "
<WORD>     : infos
<OTHER>    : "
<WORD>     : href
<OTHER>    : =
<OTHER>    : "
<WORD>     : https
<OTHER>    : :
<OTHER>    : /
<OTHER>    : /
<WORD>     : xanimu
<OTHER>    : .
<WORD>     : com
<OTHER>    : /
<WORD>     : cs
<OTHER>    : /
<NUMBER>   : 55708
<OTHER>    : -
<WORD>     : seven
<OTHER>    : -
<WORD>     : deadly
<OTHER>    : -
<WORD>     : sins
<OTHER>    : -
<WORD>     : merlin
<OTHER>    : -
<WORD>     : x
<OTHER>    : -
<WORD>     : melascula
<OTHER>    : -
<WORD>     : lesbian
<OTHER>    : -
<WORD>     : anime
<OTHER>    : -
<WORD>     : porno
<OTHER>    : /
<OTHER>    : "
<WORD>     : title
<OTHER>    : =
<OTHER>    : "
<WORD>     : Sedm
<WORD>     : smrteln
<WORD>     : ch
<WORD>     : h
<OTHER>    : ř
<WORD>     : ch
<OTHER>    : ů
<WORD>     : Merlin
<WORD>     : X
<WORD>     : Melascula
<WORD>     : Lesbian
<WORD>     : Anime
<WORD>     : Porno
<OTHER>    : "
<OTHER>    : >
<WORD>     : Sedm
<WORD>     : smrteln
<WORD>     : ch
<WORD>     : h
<OTHER>    : ř
<WORD>     : ch
<OTHER>    : ů
<WORD>     : Merlin
<WORD>     : X
<WORD>     : Melascula
<WORD>     : Lesbian
<WORD>     : Anime
<WORD>     : Porno
<NUMBER>   : 2650
<NUMBER>   : 100
<OTHER>    : %
<NUMBER>   : 17
<OTHER>    : :
<NUMBER>   : 36
<WORD>     : HD
<OTHER>    : <
<WORD>     : a
<WORD>     : class
<OTHER>    : =
<OTHER>    : "
<WORD>     : infos
<OTHER>    : "
<WORD>     : href
<OTHER>    : =
<OTHER>    : "
<WORD>     : https
<OTHER>    : :
<OTHER>    : /
<OTHER>    : /
<WORD>     : xanimu
<OTHER>    : .
<WORD>     : com
<OTHER>    : /
<WORD>     : cs
<OTHER>    : /
<NUMBER>   : 42081
<OTHER>    : -
<WORD>     : sedm
<OTHER>    : -
<WORD>     : smrteln
<OTHER>    : %
<WORD>     : C
<NUMBER>   : 3
<OTHER>    : %
<WORD>     : BDch
<OTHER>    : -
<WORD>     : h
<OTHER>    : %
<WORD>     : C
<NUMBER>   : 5
<OTHER>    : %
<NUMBER>   : 99
<OTHER>    : %
<WORD>     : C
<NUMBER>   : 3
<OTHER>    : %
<WORD>     : ADch
<OTHER>    : %
<WORD>     : C
<NUMBER>   : 5
<OTHER>    : %
<WORD>     : AF
<OTHER>    : -
<WORD>     : elaine
<OTHER>    : -
<WORD>     : x
<OTHER>    : -
<WORD>     : jericho
<OTHER>    : -
<WORD>     : lesbian
<OTHER>    : -
<WORD>     : animated
<OTHER>    : /
<OTHER>    : "
<WORD>     : title
<OTHER>    : =
<OTHER>    : "
<WORD>     : Sedm
<WORD>     : smrteln
<WORD>     : ch
<WORD>     : h
<OTHER>    : ř
<WORD>     : ch
<OTHER>    : ů
<WORD>     : Elaine
<WORD>     : X
<WORD>     : Jericho
<WORD>     : Lesbian
<WORD>     : Animated
<OTHER>    : "
<OTHER>    : >
<WORD>     : Sedm
<WORD>     : smrteln
<WORD>     : ch
<WORD>     : h
<OTHER>    : ř
<WORD>     : ch
<OTHER>    : ů
<WORD>     : Elaine
<WORD>     : X
<WORD>     : Jericho
<WORD>     : Lesbian
<WORD>     : Animated
<NUMBER>   : 15741
<NUMBER>   : 87
<OTHER>    : %
<NUMBER>   : 11
<OTHER>    : :
<NUMBER>   : 55
<WORD>     : HD
<OTHER>    : <
<WORD>     : a
<WORD>     : class
<OTHER>    : =
<OTHER>    : "
<WORD>     : infos
<OTHER>    : "
<WORD>     : href
<OTHER>    : =
<OTHER>    : "
<WORD>     : https
<OTHER>    : :
<OTHER>    : /
<OTHER>    : /
<WORD>     : xanimu
<OTHER>    : .
<WORD>     : com
<OTHER>    : /
<WORD>     : cs
<OTHER>    : /
<NUMBER>   : 42095
<OTHER>    : -
<WORD>     : je
<OTHER>    : -
<WORD>     : sedm
<OTHER>    : -
<WORD>     : lesn
<OTHER>    : %
<WORD>     : C
<NUMBER>   : 3
<OTHER>    : %
<WORD>     : ADch
<OTHER>    : -
<WORD>     : h
<OTHER>    : %
<WORD>     : C
<NUMBER>   : 5
<OTHER>    : %
<NUMBER>   : 99
<OTHER>    : %
<WORD>     : C
<NUMBER>   : 3
<OTHER>    : %
<WORD>     : AD
<OTHER>    : %
<WORD>     : C
<NUMBER>   : 5
<OTHER>    : %
<WORD>     : A
<NUMBER>   : 1
<WORD>     : n
<OTHER>    : %
<WORD>     : C
<NUMBER>   : 3
<OTHER>    : %
<WORD>     : BDch
<OTHER>    : -
<WORD>     : obr
<OTHER>    : %
<WORD>     : C
<NUMBER>   : 5
<OTHER>    : %
<WORD>     : AF
<OTHER>    : -
<WORD>     : v
<OTHER>    : -
<WORD>     : prdeli
<OTHER>    : -
<WORD>     : v
<OTHER>    : -
<WORD>     : lese
<OTHER>    : /
<OTHER>    : "
<WORD>     : title
<OTHER>    : =
<OTHER>    : "
<WORD>     : Sedm
<WORD>     : smrteln
<WORD>     : ch
<WORD>     : h
<OTHER>    : ř
<WORD>     : ch
<OTHER>    : ů
<OTHER>    : ,
<WORD>     : obryn
<OTHER>    : ě
<WORD>     : je
<WORD>     : v
<WORD>     : prdeli
<WORD>     : v
<WORD>     : lese
<OTHER>    : "
<OTHER>    : >
<WORD>     : Sedm
<WORD>     : smrteln
<WORD>     : ch
<WORD>     : h
<OTHER>    : ř
<WORD>     : ch
<OTHER>    : ů
<OTHER>    : ,
<WORD>     : obryn
<OTHER>    : ě
<WORD>     : je
<WORD>     : v
<WORD>     : prdeli
<WORD>     : v
<WORD>     : lese
<NUMBER>   : 4547
<NUMBER>   : 79
<OTHER>    : %
<NUMBER>   : 03
<OTHER>    : :
<NUMBER>   : 26
<WORD>     : HD
<OTHER>    : <
<WORD>     : img
<WORD>     : class
<OTHER>    : =
<OTHER>    : "
<WORD>     : video
<OTHER>    : -
<WORD>     : img
<WORD>     : img
<OTHER>    : -
<WORD>     : fluid
<OTHER>    : "
<WORD>     : alt
<OTHER>    : =
<OTHER>    : "
<WORD>     : Diane
<OTHER>    : –
<WORD>     : Seven
<WORD>     : Deadly
<WORD>     : Sins
<WORD>     : Joi
<WORD>     : Cei
<WORD>     : Ballbusting
<OTHER>    : "
<WORD>     : data
<OTHER>    : -
<WORD>     : src
<OTHER>    : =
<OTHER>    : "
<WORD>     : https
<OTHER>    : :
<OTHER>    : /
<OTHER>    : /
<WORD>     : xanimu
<OTHER>    : .
<WORD>     : com
<OTHER>    : /
<WORD>     : storage
<OTHER>    : /
<NUMBER>   : 2020
<OTHER>    : /
<NUMBER>   : 06
<OTHER>    : /
<WORD>     : diane
<OTHER>    : -
<WORD>     : seven
<OTHER>    : -
<WORD>     : deadly
<OTHER>    : -
<WORD>     : sins
<OTHER>    : -
<WORD>     : joi
<OTHER>    : -
<WORD>     : cei
<OTHER>    : -
<WORD>     : cbt
<OTHER>    : -
<NUMBER>   : 320
<WORD>     : x
<NUMBER>   : 180
<OTHER>    : .
<WORD>     : jpg
<OTHER>    : "
<OTHER>    : >
<OTHER>    : <
<WORD>     : a
<WORD>     : class
<OTHER>    : =
<OTHER>    : "
<WORD>     : infos
<OTHER>    : "
<WORD>     : href
<OTHER>    : =
<OTHER>    : "
<WORD>     : https
<OTHER>    : :
<OTHER>    : /
<OTHER>    : /
<WORD>     : xanimu
<OTHER>    : .
<WORD>     : com
<OTHER>    : /
<WORD>     : cs
<OTHER>    : /
<NUMBER>   : 42049
<OTHER>    : -
<WORD>     : diane
<OTHER>    : -
<WORD>     : sedm
<OTHER>    : -
<WORD>     : smrteln
<OTHER>    : %
<WORD>     : C
<NUMBER>   : 3
<OTHER>    : %
<WORD>     : BDch
<OTHER>    : -
<WORD>     : h
<OTHER>    : %
<WORD>     : C
<NUMBER>   : 5
<OTHER>    : %
<NUMBER>   : 99
<OTHER>    : %
<WORD>     : C
<NUMBER>   : 3
<OTHER>    : %
<WORD>     : ADch
<OTHER>    : %
<WORD>     : C
<NUMBER>   : 5
<OTHER>    : %
<WORD>     : AF
<OTHER>    : -
<WORD>     : joi
<OTHER>    : -
<WORD>     : cei
<OTHER>    : -
<WORD>     : kulh
<OTHER>    : %
<WORD>     : C
<NUMBER>   : 3
<OTHER>    : %
<WORD>     : A
<NUMBER>   : 1
<WORD>     : n
<OTHER>    : %
<WORD>     : C
<NUMBER>   : 3
<OTHER>    : %
<WORD>     : AD
<OTHER>    : /
<OTHER>    : "
<WORD>     : title
<OTHER>    : =
<OTHER>    : "
<WORD>     : Diane
<OTHER>    : -
<WORD>     : Sedm
<WORD>     : smrteln
<WORD>     : ch
<WORD>     : h
<OTHER>    : ř
<WORD>     : ch
<OTHER>    : ů
<WORD>     : Joi
<WORD>     : Cei
<WORD>     : Ballbusting
<OTHER>    : "
<OTHER>    : >
<WORD>     : Diane
<OTHER>    : -
<WORD>     : Sedm
<WORD>     : smrteln
<WORD>     : ch
<WORD>     : h
<OTHER>    : ř
<WORD>     : ch
<OTHER>    : ů
<WORD>     : Joi
<WORD>     : Cei
<WORD>     : Ballbusting
<NUMBER>   : 6266
<NUMBER>   : 88
<OTHER>    : %
<NUMBER>   : 09
<OTHER>    : :
<NUMBER>   : 21
<WORD>     : HD
<OTHER>    : <
<WORD>     : a
<WORD>     : class
<OTHER>    : =
<OTHER>    : "
<WORD>     : infos
<OTHER>    : "
<WORD>     : href
<OTHER>    : =
<OTHER>    : "
<WORD>     : https
<OTHER>    : :
<OTHER>    : /
<OTHER>    : /
<WORD>     : xanimu
<OTHER>    : .
<WORD>     : com
<OTHER>    : /
<WORD>     : cs
<OTHER>    : /
<NUMBER>   : 42014
<OTHER>    : -
<NUMBER>   : 3
<WORD>     : d
<OTHER>    : -
<WORD>     : hentai
<OTHER>    : -
<WORD>     : sedm
<OTHER>    : -
<WORD>     : smrteln
<OTHER>    : %
<WORD>     : C
<NUMBER>   : 3
<OTHER>    : %
<WORD>     : BDch
<OTHER>    : -
<WORD>     : h
<OTHER>    : %
<WORD>     : C
<NUMBER>   : 5
<OTHER>    : %
<NUMBER>   : 99
<OTHER>    : %
<WORD>     : C
<NUMBER>   : 3
<OTHER>    : %
<WORD>     : ADch
<OTHER>    : %
<WORD>     : C
<NUMBER>   : 5
<OTHER>    : %
<WORD>     : AF
<OTHER>    : -
<WORD>     : sex
<OTHER>    : -
<WORD>     : s
<OTHER>    : -
<WORD>     : Merlinem
<OTHER>    : /
<OTHER>    : "
<WORD>     : title
<OTHER>    : =
<OTHER>    : "
<OTHER>    : (
<NUMBER>   : 3
<WORD>     : d
<WORD>     : Hentai
<OTHER>    : )
<OTHER>    : (
<WORD>     : sedm
<WORD>     : smrteln
<WORD>     : ch
<WORD>     : h
<OTHER>    : ř
<WORD>     : ch
<OTHER>    : ů
<OTHER>    : )
<WORD>     : Sex
<WORD>     : s
<WORD>     : Merlinem
<OTHER>    : "
<OTHER>    : >
<OTHER>    : (
<NUMBER>   : 3
<WORD>     : d
<WORD>     : Hentai
<OTHER>    : )
<OTHER>    : (
<WORD>     : sedm
<WORD>     : smrteln
<WORD>     : ch
<WORD>     : h
<OTHER>    : ř
<WORD>     : ch
<OTHER>    : ů
<OTHER>    : )
<WORD>     : Sex
<WORD>     : s
<WORD>     : Merlinem
<NUMBER>   : 23929
<NUMBER>   : 78
<OTHER>    : %
<NUMBER>   : 06
<OTHER>    : :
<NUMBER>   : 54
<WORD>     : HD
<OTHER>    : <
<WORD>     : a
<WORD>     : class
<OTHER>    : =
<OTHER>    : "
<WORD>     : infos
<OTHER>    : "
<WORD>     : href
<OTHER>    : =
<OTHER>    : "
<WORD>     : https
<OTHER>    : :
<OTHER>    : /
<OTHER>    : /
<WORD>     : xanimu
<OTHER>    : .
<WORD>     : com
<OTHER>    : /
<WORD>     : cs
<OTHER>    : /
<NUMBER>   : 42003
<OTHER>    : -
<WORD>     : sedm
<OTHER>    : -
<WORD>     : smrteln
<OTHER>    : %
<WORD>     : C
<NUMBER>   : 3
<OTHER>    : %
<WORD>     : BDch
<OTHER>    : -
<WORD>     : h
<OTHER>    : %
<WORD>     : C
<NUMBER>   : 5
<OTHER>    : %
<NUMBER>   : 99
<OTHER>    : %
<WORD>     : C
<NUMBER>   : 3
<OTHER>    : %
<WORD>     : ADch
<OTHER>    : %
<WORD>     : C
<NUMBER>   : 5
<OTHER>    : %
<WORD>     : AF
<OTHER>    : -
<WORD>     : merlin
<OTHER>    : -
<WORD>     : animovan
<OTHER>    : %
<WORD>     : C
<NUMBER>   : 3
<OTHER>    : %
<WORD>     : BD
<OTHER>    : -
<WORD>     : pov
<OTHER>    : /
<OTHER>    : "
<WORD>     : title
<OTHER>    : =
<OTHER>    : "
<WORD>     : Sedm
<WORD>     : smrteln
<WORD>     : ch
<WORD>     : h
<OTHER>    : ř
<WORD>     : ch
<OTHER>    : ů
<WORD>     : Merlin
<WORD>     : Animov
<WORD>     : no
<WORD>     : Pov
<OTHER>    : "
<OTHER>    : >
<WORD>     : Sedm
<WORD>     : smrteln
<WORD>     : ch
<WORD>     : h
<OTHER>    : ř
<WORD>     : ch
<OTHER>    : ů
<WORD>     : Merlin
<WORD>     : Animov
<WORD>     : no
<WORD>     : Pov
<NUMBER>   : 15015
<NUMBER>   : 85
<OTHER>    : %
<NUMBER>   : 14
<OTHER>    : :
<NUMBER>   : 55
<WORD>     : HD
<OTHER>    : <
<WORD>     : a
<WORD>     : class
<OTHER>    : =
<OTHER>    : "
<WORD>     : infos
<OTHER>    : "
<WORD>     : href
<OTHER>    : =
<OTHER>    : "
<WORD>     : https
<OTHER>    : :
<OTHER>    : /
<OTHER>    : /
<WORD>     : xanimu
<OTHER>    : .
<WORD>     : com
<OTHER>    : /
<WORD>     : cs
<OTHER>    : /
<NUMBER>   : 42029
<OTHER>    : -
<NUMBER>   : 3
<WORD>     : d
<OTHER>    : -
<WORD>     : hentai
<OTHER>    : -
<WORD>     : sedm
<OTHER>    : -
<WORD>     : smrteln
<OTHER>    : %
<WORD>     : C
<NUMBER>   : 3
<OTHER>    : %
<WORD>     : BDch
<OTHER>    : -
<WORD>     : h
<OTHER>    : %
<WORD>     : C
<NUMBER>   : 5
<OTHER>    : %
<NUMBER>   : 99
<OTHER>    : %
<WORD>     : C
<NUMBER>   : 3
<OTHER>    : %
<WORD>     : ADch
<OTHER>    : %
<WORD>     : C
<NUMBER>   : 5
<OTHER>    : %
<WORD>     : AF
<OTHER>    : -
<WORD>     : sex
<OTHER>    : -
<WORD>     : s
<OTHER>    : -
<WORD>     : diane
<OTHER>    : /
<OTHER>    : "
<WORD>     : title
<OTHER>    : =
<OTHER>    : "
<OTHER>    : (
<NUMBER>   : 3
<WORD>     : d
<WORD>     : Hentai
<OTHER>    : )
<OTHER>    : (
<WORD>     : sedm
<WORD>     : smrteln
<WORD>     : ch
<WORD>     : h
<OTHER>    : ř
<WORD>     : ch
<OTHER>    : ů
<OTHER>    : )
<WORD>     : Sex
<WORD>     : s
<WORD>     : Diane
<OTHER>    : "
<OTHER>    : >
<OTHER>    : (
<NUMBER>   : 3
<WORD>     : d
<WORD>     : Hentai
<OTHER>    : )
<OTHER>    : (
<WORD>     : sedm
<WORD>     : smrteln
<WORD>     : ch
<WORD>     : h
<OTHER>    : ř
<WORD>     : ch
<OTHER>    : ů
<OTHER>    : )
<WORD>     : Sex
<WORD>     : s
<WORD>     : Diane
<NUMBER>   : 12156
<NUMBER>   : 78
<OTHER>    : %
<NUMBER>   : 06
<OTHER>    : :
<NUMBER>   : 39
<WORD>     : HD
<OTHER>    : <
<WORD>     : img
<WORD>     : class
<OTHER>    : =
<OTHER>    : "
<WORD>     : video
<OTHER>    : -
<WORD>     : img
<WORD>     : img
<OTHER>    : -
<WORD>     : fluid
<OTHER>    : "
<WORD>     : alt
<OTHER>    : =
<OTHER>    : "
<WORD>     : The
<WORD>     : Seven
<WORD>     : Deadly
<WORD>     : Sins
<OTHER>    : –
<WORD>     : Diane
<NUMBER>   : 3
<WORD>     : d
<WORD>     : Anime
<OTHER>    : "
<WORD>     : data
<OTHER>    : -
<WORD>     : src
<OTHER>    : =
<OTHER>    : "
<WORD>     : https
<OTHER>    : :
<OTHER>    : /
<OTHER>    : /
<WORD>     : xanimu
<OTHER>    : .
<WORD>     : com
<OTHER>    : /
<WORD>     : storage
<OTHER>    : /
<NUMBER>   : 2020
<OTHER>    : /
<NUMBER>   : 06
<OTHER>    : /
<WORD>     : the
<OTHER>    : -
<WORD>     : seven
<OTHER>    : -
<WORD>     : deadly
<OTHER>    : -
<WORD>     : sins
<OTHER>    : -
<WORD>     : diane
<OTHER>    : -
<NUMBER>   : 3
<WORD>     : d
<OTHER>    : -
<WORD>     : hentai
<OTHER>    : -
<NUMBER>   : 320
<WORD>     : x
<NUMBER>   : 180
<OTHER>    : .
<WORD>     : jpg
<OTHER>    : "
<OTHER>    : >
<OTHER>    : <
<WORD>     : a
<WORD>     : class
<OTHER>    : =
<OTHER>    : "
<WORD>     : infos
<OTHER>    : "
<WORD>     : href
<OTHER>    : =
<OTHER>    : "
<WORD>     : https
<OTHER>    : :
<OTHER>    : /
<OTHER>    : /
<WORD>     : xanimu
<OTHER>    : .
<WORD>     : com
<OTHER>    : /
<WORD>     : cs
<OTHER>    : /
<NUMBER>   : 42004
<OTHER>    : -
<WORD>     : sedm
<OTHER>    : -
<WORD>     : smrteln
<OTHER>    : %
<WORD>     : C
<NUMBER>   : 3
<OTHER>    : %
<WORD>     : BDch
<OTHER>    : -
<WORD>     : h
<OTHER>    : %
<WORD>     : C
<NUMBER>   : 5
<OTHER>    : %
<NUMBER>   : 99
<OTHER>    : %
<WORD>     : C
<NUMBER>   : 3
<OTHER>    : %
<WORD>     : ADch
<OTHER>    : %
<WORD>     : C
<NUMBER>   : 5
<OTHER>    : %
<WORD>     : AF
<OTHER>    : -
<WORD>     : diane
<OTHER>    : -
<NUMBER>   : 3
<WORD>     : d
<OTHER>    : -
<WORD>     : anime
<OTHER>    : /
<OTHER>    : "
<WORD>     : title
<OTHER>    : =
<OTHER>    : "
<WORD>     : Sedm
<WORD>     : smrteln
<WORD>     : ch
<WORD>     : h
<OTHER>    : ř
<WORD>     : ch
<OTHER>    : ů
<OTHER>    : -
<WORD>     : Diane
<NUMBER>   : 3
<WORD>     : d
<WORD>     : Anime
<OTHER>    : "
<OTHER>    : >
<WORD>     : Sedm
<WORD>     : smrteln
<WORD>     : ch
<WORD>     : h
<OTHER>    : ř
<WORD>     : ch
<OTHER>    : ů
<OTHER>    : -
<WORD>     : Diane
<NUMBER>   : 3
<WORD>     : d
<WORD>     : Anime
<NUMBER>   : 21489
<NUMBER>   : 79
<OTHER>    : %
<NUMBER>   : 05
<OTHER>    : :
<NUMBER>   : 34
<WORD>     : HD
<OTHER>    : <
<WORD>     : img
<WORD>     : class
<OTHER>    : =
<OTHER>    : "
<WORD>     : video
<OTHER>    : -
<WORD>     : img
<WORD>     : img
<OTHER>    : -
<WORD>     : fluid
<OTHER>    : "
<WORD>     : alt
<OTHER>    : =
<OTHER>    : "
<WORD>     : Diane
<OTHER>    : –
<WORD>     : Seven
<WORD>     : Deadly
<WORD>     : Sins
<WORD>     : Joi
<WORD>     : Cei
<WORD>     : Ballbusting
<OTHER>    : "
<WORD>     : data
<OTHER>    : -
<WORD>     : src
<OTHER>    : =
<OTHER>    : "
<WORD>     : https
<OTHER>    : :
<OTHER>    : /
<OTHER>    : /
<WORD>     : xanimu
<OTHER>    : .
<WORD>     : com
<OTHER>    : /
<WORD>     : storage
<OTHER>    : /
<NUMBER>   : 2020
<OTHER>    : /
<NUMBER>   : 06
<OTHER>    : /
<WORD>     : diane
<OTHER>    : -
<WORD>     : seven
<OTHER>    : -
<WORD>     : deadly
<OTHER>    : -
<WORD>     : sins
<OTHER>    : -
<WORD>     : joi
<OTHER>    : -
<WORD>     : cei
<OTHER>    : -
<WORD>     : cbt
<OTHER>    : -
<NUMBER>   : 1
<OTHER>    : -
<NUMBER>   : 320
<WORD>     : x
<NUMBER>   : 180
<OTHER>    : .
<WORD>     : jpg
<OTHER>    : "
<OTHER>    : >
<OTHER>    : <
<WORD>     : a
<WORD>     : class
<OTHER>    : =
<OTHER>    : "
<WORD>     : infos
<OTHER>    : "
<WORD>     : href
<OTHER>    : =
<OTHER>    : "
<WORD>     : https
<OTHER>    : :
<OTHER>    : /
<OTHER>    : /
<WORD>     : xanimu
<OTHER>    : .
<WORD>     : com
<OTHER>    : /
<WORD>     : cs
<OTHER>    : /
<NUMBER>   : 42103
<OTHER>    : -
<WORD>     : diane
<OTHER>    : -
<WORD>     : sedm
<OTHER>    : -
<WORD>     : smrteln
<OTHER>    : %
<WORD>     : C
<NUMBER>   : 3
<OTHER>    : %
<WORD>     : BDch
<OTHER>    : -
<WORD>     : h
<OTHER>    : %
<WORD>     : C
<NUMBER>   : 5
<OTHER>    : %
<NUMBER>   : 99
<OTHER>    : %
<WORD>     : C
<NUMBER>   : 3
<OTHER>    : %
<WORD>     : ADch
<OTHER>    : %
<WORD>     : C
<NUMBER>   : 5
<OTHER>    : %
<WORD>     : AF
<OTHER>    : -
<WORD>     : joi
<OTHER>    : -
<WORD>     : cei
<OTHER>    : -
<WORD>     : kulh
<OTHER>    : %
<WORD>     : C
<NUMBER>   : 3
<OTHER>    : %
<WORD>     : A
<NUMBER>   : 1
<WORD>     : n
<OTHER>    : %
<WORD>     : C
<NUMBER>   : 3
<OTHER>    : %
<WORD>     : AD
<OTHER>    : /
<OTHER>    : "
<WORD>     : title
<OTHER>    : =
<OTHER>    : "
<WORD>     : Diane
<OTHER>    : -
<WORD>     : Sedm
<WORD>     : smrteln
<WORD>     : ch
<WORD>     : h
<OTHER>    : ř
<WORD>     : ch
<OTHER>    : ů
<WORD>     : Joi
<WORD>     : Cei
<WORD>     : Ballbusting
<OTHER>    : "
<OTHER>    : >
<WORD>     : Diane
<OTHER>    : -
<WORD>     : Sedm
<WORD>     : smrteln
<WORD>     : ch
<WORD>     : h
<OTHER>    : ř
<WORD>     : ch
<OTHER>    : ů
<WORD>     : Joi
<WORD>     : Cei
<WORD>     : Ballbusting
<NUMBER>   : 1895
<NUMBER>   : 100
<OTHER>    : %
<NUMBER>   : 09
<OTHER>    : :
<NUMBER>   : 21
<WORD>     : HD
<OTHER>    : <
<WORD>     : img
<WORD>     : class
<OTHER>    : =
<OTHER>    : "
<WORD>     : video
<OTHER>    : -
<WORD>     : img
<WORD>     : img
<OTHER>    : -
<WORD>     : fluid
<OTHER>    : "
<WORD>     : alt
<OTHER>    : =
<OTHER>    : "
<WORD>     : Nanatsu
<WORD>     : No
<WORD>     : Taizai
<WORD>     : Hentai
<OTHER>    : –
<WORD>     : the
<WORD>     : Seven
<WORD>     : Deadly
<WORD>     : Sins
<WORD>     : Sex
<WORD>     : Pics
<WORD>     : Slideshow
<OTHER>    : –
<WORD>     : Hentaisga
<OTHER>    : "
<WORD>     : data
<OTHER>    : -
<WORD>     : src
<OTHER>    : =
<OTHER>    : "
<WORD>     : https
<OTHER>    : :
<OTHER>    : /
<OTHER>    : /
<WORD>     : xanimu
<OTHER>    : .
<WORD>     : com
<OTHER>    : /
<WORD>     : storage
<OTHER>    : /
<NUMBER>   : 2020
<OTHER>    : /
<NUMBER>   : 06
<OTHER>    : /
<WORD>     : nanatsu
<OTHER>    : -
<WORD>     : no
<OTHER>    : -
<WORD>     : taizai
<OTHER>    : -
<WORD>     : hentai
<OTHER>    : -
<WORD>     : the
<OTHER>    : -
<WORD>     : seven
<OTHER>    : -
<WORD>     : deadly
<OTHER>    : -
<WORD>     : sins
<OTHER>    : -
<WORD>     : sex
<OTHER>    : -
<WORD>     : pics
<OTHER>    : -
<WORD>     : slideshow
<OTHER>    : -
<WORD>     : hentaisga
<OTHER>    : -
<NUMBER>   : 320
<WORD>     : x
<NUMBER>   : 180
<OTHER>    : .
<WORD>     : jpg
<OTHER>    : "
<OTHER>    : >
<OTHER>    : <
<WORD>     : a
<WORD>     : class
<OTHER>    : =
<OTHER>    : "
<WORD>     : infos
<OTHER>    : "
<WORD>     : href
<OTHER>    : =
<OTHER>    : "
<WORD>     : https
<OTHER>    : :
<OTHER>    : /
<OTHER>    : /
<WORD>     : xanimu
<OTHER>    : .
<WORD>     : com
<OTHER>    : /
<WORD>     : cs
<OTHER>    : /
<NUMBER>   : 42025
<OTHER>    : -
<WORD>     : nanatsu
<OTHER>    : -
<WORD>     : bez
<OTHER>    : -
<WORD>     : taizai
<OTHER>    : -
<WORD>     : hentai
<OTHER>    : -
<WORD>     : the
<OTHER>    : -
<WORD>     : seven
<OTHER>    : -
<WORD>     : deadly
<OTHER>    : -
<WORD>     : sins
<OTHER>    : -
<WORD>     : sex
<OTHER>    : -
<WORD>     : pics
<OTHER>    : -
<WORD>     : slideshow
<OTHER>    : -
<WORD>     : hentaisga
<OTHER>    : /
<OTHER>    : "
<WORD>     : title
<OTHER>    : =
<OTHER>    : "
<WORD>     : Nanatsu
<WORD>     : No
<WORD>     : Taizai
<WORD>     : Hentai
<OTHER>    : -
<WORD>     : Sedm
<WORD>     : smrteln
<WORD>     : ch
<WORD>     : h
<OTHER>    : ř
<WORD>     : ch
<OTHER>    : ů
<WORD>     : Sex
<WORD>     : Pics
<WORD>     : Slideshow
<OTHER>    : -
<WORD>     : Hentaisga
<OTHER>    : "
<OTHER>    : >
<WORD>     : Nanatsu
<WORD>     : No
<WORD>     : Taizai
<WORD>     : Hentai
<OTHER>    : -
<WORD>     : Sedm
<WORD>     : smrteln
<WORD>     : ch
<WORD>     : h
<OTHER>    : ř
<WORD>     : ch
<OTHER>    : ů
<WORD>     : Sex
<WORD>     : Pics
<WORD>     : Slideshow
<OTHER>    : -
<WORD>     : Hentaisga
<NUMBER>   : 2609
<NUMBER>   : 40
<OTHER>    : %
<NUMBER>   : 01
<OTHER>    : :
<NUMBER>   : 09
<WORD>     : HD
<OTHER>    : <
<WORD>     : a
<WORD>     : class
<OTHER>    : =
<OTHER>    : "
<WORD>     : infos
<OTHER>    : "
<WORD>     : href
<OTHER>    : =
<OTHER>    : "
<WORD>     : https
<OTHER>    : :
<OTHER>    : /
<OTHER>    : /
<WORD>     : xanimu
<OTHER>    : .
<WORD>     : com
<OTHER>    : /
<WORD>     : cs
<OTHER>    : /
<NUMBER>   : 42096
<OTHER>    : -
<NUMBER>   : 3
<WORD>     : d
<OTHER>    : -
<WORD>     : hentai
<OTHER>    : -
<WORD>     : sedm
<OTHER>    : -
<WORD>     : smrteln
<OTHER>    : %
<WORD>     : C
<NUMBER>   : 3
<OTHER>    : %
<WORD>     : BDch
<OTHER>    : -
<WORD>     : h
<OTHER>    : %
<WORD>     : C
<NUMBER>   : 5
<OTHER>    : %
<NUMBER>   : 99
<OTHER>    : %
<WORD>     : C
<NUMBER>   : 3
<OTHER>    : %
<WORD>     : ADch
<OTHER>    : %
<WORD>     : C
<NUMBER>   : 5
<OTHER>    : %
<WORD>     : AF
<OTHER>    : /
<OTHER>    : "
<WORD>     : title
<OTHER>    : =
<OTHER>    : "
<OTHER>    : (
<NUMBER>   : 3
<WORD>     : d
<WORD>     : Hentai
<OTHER>    : )
<OTHER>    : (
<WORD>     : sedm
<WORD>     : smrteln
<WORD>     : ch
<WORD>     : h
<OTHER>    : ř
<WORD>     : ch
<OTHER>    : ů
<OTHER>    : )
<WORD>     : Diane
<WORD>     : Footjob
<OTHER>    : "
<OTHER>    : >
<OTHER>    : (
<NUMBER>   : 3
<WORD>     : d
<WORD>     : Hentai
<OTHER>    : )
<OTHER>    : (
<WORD>     : sedm
<WORD>     : smrteln
<WORD>     : ch
<WORD>     : h
<OTHER>    : ř
<WORD>     : ch
<OTHER>    : ů
<OTHER>    : )
<WORD>     : Diane
<WORD>     : Footjob
<NUMBER>   : 6440
<NUMBER>   : 80
<OTHER>    : %
<NUMBER>   : 09
<OTHER>    : :
<NUMBER>   : 05
<WORD>     : HD
<WORD>     : TOP
<OTHER>    : <
<WORD>     : a
<WORD>     : class
<OTHER>    : =
<OTHER>    : "
<WORD>     : infos
<OTHER>    : "
<WORD>     : href
<OTHER>    : =
<OTHER>    : "
<WORD>     : https
<OTHER>    : :
<OTHER>    : /
<OTHER>    : /
<WORD>     : xanimu
<OTHER>    : .
<WORD>     : com
<OTHER>    : /
<WORD>     : cs
<OTHER>    : /
<NUMBER>   : 42045
<OTHER>    : -
<NUMBER>   : 3
<WORD>     : d
<OTHER>    : -
<WORD>     : hentai
<OTHER>    : -
<WORD>     : Sedm
<OTHER>    : -
<WORD>     : smrteln
<OTHER>    : %
<WORD>     : C
<NUMBER>   : 3
<OTHER>    : %
<WORD>     : BDch
<OTHER>    : -
<WORD>     : h
<OTHER>    : %
<WORD>     : C
<NUMBER>   : 5
<OTHER>    : %
<NUMBER>   : 99
<OTHER>    : %
<WORD>     : C
<NUMBER>   : 3
<OTHER>    : %
<WORD>     : ADch
<OTHER>    : %
<WORD>     : C
<NUMBER>   : 5
<OTHER>    : %
<WORD>     : AF
<OTHER>    : -
<WORD>     : Alizabeth
<OTHER>    : -
<WORD>     : liones
<OTHER>    : -
<WORD>     : footjob
<OTHER>    : /
<OTHER>    : "
<WORD>     : title
<OTHER>    : =
<OTHER>    : "
<OTHER>    : (
<NUMBER>   : 3
<WORD>     : d
<WORD>     : Hentai
<OTHER>    : )
<OTHER>    : (
<WORD>     : sedm
<WORD>     : smrteln
<WORD>     : ch
<WORD>     : h
<OTHER>    : ř
<WORD>     : ch
<OTHER>    : ů
<OTHER>    : )
<WORD>     : Elizabeth
<WORD>     : Liones
<WORD>     : Footjob
<OTHER>    : "
<OTHER>    : >
<OTHER>    : (
<NUMBER>   : 3
<WORD>     : d
<WORD>     : Hentai
<OTHER>    : )
<OTHER>    : (
<WORD>     : sedm
<WORD>     : smrteln
<WORD>     : ch
<WORD>     : h
<OTHER>    : ř
<WORD>     : ch
<OTHER>    : ů
<OTHER>    : )
<WORD>     : Elizabeth
<WORD>     : Liones
<WORD>     : Footjob
<NUMBER>   : 5072
<NUMBER>   : 94
<OTHER>    : %
<NUMBER>   : 12
<OTHER>    : :
<NUMBER>   : 05
<WORD>     : HD
<WORD>     : TOP
<OTHER>    : <
<WORD>     : a
<WORD>     : class
<OTHER>    : =
<OTHER>    : "
<WORD>     : infos
<OTHER>    : "
<WORD>     : href
<OTHER>    : =
<OTHER>    : "
<WORD>     : https
<OTHER>    : :
<OTHER>    : /
<OTHER>    : /
<WORD>     : xanimu
<OTHER>    : .
<WORD>     : com
<OTHER>    : /
<WORD>     : cs
<OTHER>    : /
<NUMBER>   : 42011
<OTHER>    : -
<NUMBER>   : 3
<WORD>     : d
<OTHER>    : -
<WORD>     : hentaisedm
<OTHER>    : -
<WORD>     : smrteln
<OTHER>    : %
<WORD>     : C
<NUMBER>   : 3
<OTHER>    : %
<WORD>     : BDch
<OTHER>    : -
<WORD>     : h
<OTHER>    : %
<WORD>     : C
<NUMBER>   : 5
<OTHER>    : %
<NUMBER>   : 99
<OTHER>    : %
<WORD>     : C
<NUMBER>   : 3
<OTHER>    : %
<WORD>     : ADch
<OTHER>    : %
<WORD>     : C
<NUMBER>   : 5
<OTHER>    : %
<WORD>     : AF
<OTHER>    : -
<WORD>     : sex
<OTHER>    : -
<WORD>     : s
<OTHER>    : -
<WORD>     : derieri
<OTHER>    : /
<OTHER>    : "
<WORD>     : title
<OTHER>    : =
<OTHER>    : "
<NUMBER>   : 3
<WORD>     : d
<WORD>     : Hentai
<OTHER>    : )
<OTHER>    : (
<WORD>     : sedm
<WORD>     : smrteln
<WORD>     : ch
<WORD>     : h
<OTHER>    : ř
<WORD>     : ch
<OTHER>    : ů
<OTHER>    : )
<WORD>     : Sex
<WORD>     : s
<WORD>     : Derieri
<OTHER>    : "
<OTHER>    : >
<NUMBER>   : 3
<WORD>     : d
<WORD>     : Hentai
<OTHER>    : )
<OTHER>    : (
<WORD>     : sedm
<WORD>     : smrteln
<WORD>     : ch
<WORD>     : h
<OTHER>    : ř
<WORD>     : ch
<OTHER>    : ů
<OTHER>    : )
<WORD>     : Sex
<WORD>     : s
<WORD>     : Derieri
<NUMBER>   : 2587
<NUMBER>   : 100
<OTHER>    : %
<NUMBER>   : 08
<OTHER>    : :
<NUMBER>   : 56
<WORD>     : HD
<OTHER>    : <
<WORD>     : img
<WORD>     : class
<OTHER>    : =
<OTHER>    : "
<WORD>     : video
<OTHER>    : -
<WORD>     : img
<WORD>     : img
<OTHER>    : -
<WORD>     : fluid
<OTHER>    : "
<WORD>     : alt
<OTHER>    : =
<OTHER>    : "
<WORD>     : Seven
<WORD>     : Deadly
<WORD>     : Sins
<WORD>     : Anime
<WORD>     : Porn
<NUMBER>   : 3
<WORD>     : d
<OTHER>    : –
<WORD>     : Diane
<WORD>     : X
<WORD>     : Elaine
<OTHER>    : (
<WORD>     : futa
<OTHER>    : )
<OTHER>    : "
<WORD>     : data
<OTHER>    : -
<WORD>     : src
<OTHER>    : =
<OTHER>    : "
<WORD>     : https
<OTHER>    : :
<OTHER>    : /
<OTHER>    : /
<WORD>     : xanimu
<OTHER>    : .
<WORD>     : com
<OTHER>    : /
<WORD>     : storage
<OTHER>    : /
<NUMBER>   : 2021
<OTHER>    : /
<NUMBER>   : 04
<OTHER>    : /
<WORD>     : seven
<OTHER>    : -
<WORD>     : deadly
<OTHER>    : -
<WORD>     : sins
<OTHER>    : -
<WORD>     : hentai
<OTHER>    : -
<NUMBER>   : 3
<WORD>     : d
<OTHER>    : -
<WORD>     : diane
<OTHER>    : -
<WORD>     : x
<OTHER>    : -
<WORD>     : elaine
<OTHER>    : -
<WORD>     : futa
<OTHER>    : -
<NUMBER>   : 320
<WORD>     : x
<NUMBER>   : 180
<OTHER>    : .
<WORD>     : jpg
<OTHER>    : "
<OTHER>    : >
<OTHER>    : <
<WORD>     : a
<WORD>     : class
<OTHER>    : =
<OTHER>    : "
<WORD>     : infos
<OTHER>    : "
<WORD>     : href
<OTHER>    : =
<OTHER>    : "
<WORD>     : https
<OTHER>    : :
<OTHER>    : /
<OTHER>    : /
<WORD>     : xanimu
<OTHER>    : .
<WORD>     : com
<OTHER>    : /
<WORD>     : cs
<OTHER>    : /
<NUMBER>   : 55258
<OTHER>    : -
<WORD>     : sedm
<OTHER>    : -
<WORD>     : smrteln
<OTHER>    : %
<WORD>     : C
<NUMBER>   : 3
<OTHER>    : %
<WORD>     : BDch
<OTHER>    : -
<WORD>     : h
<OTHER>    : %
<WORD>     : C
<NUMBER>   : 5
<OTHER>    : %
<NUMBER>   : 99
<OTHER>    : %
<WORD>     : C
<NUMBER>   : 3
<OTHER>    : %
<WORD>     : ADch
<OTHER>    : %
<WORD>     : C
<NUMBER>   : 5
<OTHER>    : %
<WORD>     : AF
<OTHER>    : -
<WORD>     : anime
<OTHER>    : -
<WORD>     : porn
<OTHER>    : -
<NUMBER>   : 3
<WORD>     : d
<OTHER>    : -
<WORD>     : diane
<OTHER>    : -
<WORD>     : x
<OTHER>    : -
<WORD>     : elaine
<OTHER>    : -
<WORD>     : futa
<OTHER>    : /
<OTHER>    : "
<WORD>     : title
<OTHER>    : =
<OTHER>    : "
<WORD>     : Sedm
<WORD>     : smrteln
<WORD>     : ch
<WORD>     : h
<OTHER>    : ř
<WORD>     : ch
<OTHER>    : ů
<WORD>     : Anime
<WORD>     : Porno
<NUMBER>   : 3
<WORD>     : d
<OTHER>    : -
<WORD>     : Diane
<WORD>     : X
<WORD>     : Elaine
<OTHER>    : (
<WORD>     : futa
<OTHER>    : )
<OTHER>    : "
<OTHER>    : >
<WORD>     : Sedm
<WORD>     : smrteln
<WORD>     : ch
<WORD>     : h
<OTHER>    : ř
<WORD>     : ch
<OTHER>    : ů
<WORD>     : Anime
<WORD>     : Porno
<NUMBER>   : 3
<WORD>     : d
<OTHER>    : -
<WORD>     : Diane
<WORD>     : X
<WORD>     : Elaine
<OTHER>    : (
<WORD>     : futa
<OTHER>    : )
<NUMBER>   : 2837
<NUMBER>   : 77
<OTHER>    : %
<NUMBER>   : 07
<OTHER>    : :
<NUMBER>   : 32
<WORD>     : HD
<OTHER>    : <
<WORD>     : a
<WORD>     : class
<OTHER>    : =
<OTHER>    : "
<WORD>     : infos
<OTHER>    : "
<WORD>     : href
<OTHER>    : =
<OTHER>    : "
<WORD>     : https
<OTHER>    : :
<OTHER>    : /
<OTHER>    : /
<WORD>     : xanimu
<OTHER>    : .
<WORD>     : com
<OTHER>    : /
<WORD>     : cs
<OTHER>    : /
<NUMBER>   : 42085
<OTHER>    : -
<NUMBER>   : 3
<WORD>     : d
<OTHER>    : -
<WORD>     : hentai
<OTHER>    : -
<WORD>     : lesbi
<OTHER>    : %
<WORD>     : C
<NUMBER>   : 4
<OTHER>    : %
<NUMBER>   : 8
<WORD>     : Dka
<OTHER>    : -
<WORD>     : sedm
<OTHER>    : -
<WORD>     : smrteln
<OTHER>    : %
<WORD>     : C
<NUMBER>   : 3
<OTHER>    : %
<WORD>     : BDch
<OTHER>    : -
<WORD>     : h
<OTHER>    : %
<WORD>     : C
<NUMBER>   : 5
<OTHER>    : %
<NUMBER>   : 99
<OTHER>    : %
<WORD>     : C
<NUMBER>   : 3
<OTHER>    : %
<WORD>     : ADch
<OTHER>    : %
<WORD>     : C
<NUMBER>   : 5
<OTHER>    : %
<WORD>     : AF
<OTHER>    : -
<WORD>     : merlin
<OTHER>    : -
<WORD>     : x
<OTHER>    : -
<WORD>     : elizabeth
<OTHER>    : -
<WORD>     : liones
<OTHER>    : /
<OTHER>    : "
<WORD>     : title
<OTHER>    : =
<OTHER>    : "
<OTHER>    : (
<NUMBER>   : 3
<WORD>     : d
<WORD>     : Hentai
<OTHER>    : )
<OTHER>    : (
<WORD>     : lesbi
<OTHER>    : č
<WORD>     : ka
<OTHER>    : )
<OTHER>    : (
<WORD>     : sedm
<WORD>     : smrteln
<WORD>     : ch
<WORD>     : h
<OTHER>    : ř
<WORD>     : ch
<OTHER>    : ů
<OTHER>    : )
<WORD>     : Merlin
<WORD>     : X
<WORD>     : Elizabeth
<WORD>     : Liones
<OTHER>    : "
<OTHER>    : >
<OTHER>    : (
<NUMBER>   : 3
<WORD>     : d
<WORD>     : Hentai
<OTHER>    : )
<OTHER>    : (
<WORD>     : lesbi
<OTHER>    : č
<WORD>     : ka
<OTHER>    : )
<OTHER>    : (
<WORD>     : sedm
<WORD>     : smrteln
<WORD>     : ch
<WORD>     : h
<OTHER>    : ř
<WORD>     : ch
<OTHER>    : ů
<OTHER>    : )
<WORD>     : Merlin
<WORD>     : X
<WORD>     : Elizabeth
<WORD>     : Liones
<NUMBER>   : 5093
<NUMBER>   : 66
<OTHER>    : %
<NUMBER>   : 08
<OTHER>    : :
<NUMBER>   : 57
<WORD>     : HD
<OTHER>    : <
<WORD>     : a
<WORD>     : class
<OTHER>    : =
<OTHER>    : "
<WORD>     : infos
<OTHER>    : "
<WORD>     : href
<OTHER>    : =
<OTHER>    : "
<WORD>     : https
<OTHER>    : :
<OTHER>    : /
<OTHER>    : /
<WORD>     : xanimu
<OTHER>    : .
<WORD>     : com
<OTHER>    : /
<WORD>     : cs
<OTHER>    : /
<NUMBER>   : 42024
<OTHER>    : -
<NUMBER>   : 3
<WORD>     : d
<OTHER>    : -
<WORD>     : hentai
<OTHER>    : -
<WORD>     : sex
<OTHER>    : -
<WORD>     : se
<OTHER>    : -
<WORD>     : sedmi
<OTHER>    : -
<WORD>     : smrteln
<OTHER>    : %
<WORD>     : C
<NUMBER>   : 3
<OTHER>    : %
<WORD>     : BDmi
<OTHER>    : -
<WORD>     : h
<OTHER>    : %
<WORD>     : C
<NUMBER>   : 5
<OTHER>    : %
<NUMBER>   : 99
<OTHER>    : %
<WORD>     : C
<NUMBER>   : 3
<OTHER>    : %
<WORD>     : ADchy
<OTHER>    : -
<WORD>     : s
<OTHER>    : -
<WORD>     : merlinov
<OTHER>    : %
<WORD>     : C
<NUMBER>   : 3
<OTHER>    : %
<WORD>     : BDm
<OTHER>    : -
<WORD>     : h
<OTHER>    : %
<WORD>     : C
<NUMBER>   : 5
<OTHER>    : %
<NUMBER>   : 99
<OTHER>    : %
<WORD>     : C
<NUMBER>   : 3
<OTHER>    : %
<WORD>     : ADchem
<OTHER>    : -
<WORD>     : ob
<OTHER>    : %
<WORD>     : C
<NUMBER>   : 5
<OTHER>    : %
<WORD>     : BEerstv
<OTHER>    : %
<WORD>     : C
<NUMBER>   : 3
<OTHER>    : %
<WORD>     : AD
<OTHER>    : /
<OTHER>    : "
<WORD>     : title
<OTHER>    : =
<OTHER>    : "
<OTHER>    : (
<NUMBER>   : 3
<WORD>     : d
<WORD>     : Hentai
<OTHER>    : )
<OTHER>    : (
<WORD>     : sedm
<WORD>     : smrteln
<WORD>     : ch
<WORD>     : h
<OTHER>    : ř
<WORD>     : ch
<OTHER>    : ů
<OTHER>    : )
<WORD>     : Sex
<WORD>     : s
<WORD>     : Merlinem
<OTHER>    : (
<WORD>     : h
<OTHER>    : ř
<WORD>     : ch
<WORD>     : ob
<OTHER>    : ž
<WORD>     : erstv
<OTHER>    : )
<OTHER>    : "
<OTHER>    : >
<OTHER>    : (
<NUMBER>   : 3
<WORD>     : d
<WORD>     : Hentai
<OTHER>    : )
<OTHER>    : (
<WORD>     : sedm
<WORD>     : smrteln
<WORD>     : ch
<WORD>     : h
<OTHER>    : ř
<WORD>     : ch
<OTHER>    : ů
<OTHER>    : )
<WORD>     : Sex
<WORD>     : s
<WORD>     : Merlinem
<OTHER>    : (
<WORD>     : h
<OTHER>    : ř
<WORD>     : ch
<WORD>     : ob
<OTHER>    : ž
<WORD>     : erstv
<OTHER>    : )
<NUMBER>   : 8869
<NUMBER>   : 80
<OTHER>    : %
<NUMBER>   : 08
<OTHER>    : :
<NUMBER>   : 43
<WORD>     : HD
<OTHER>    : <
<WORD>     : a
<WORD>     : class
<OTHER>    : =
<OTHER>    : "
<WORD>     : infos
<OTHER>    : "
<WORD>     : href
<OTHER>    : =
<OTHER>    : "
<WORD>     : https
<OTHER>    : :
<OTHER>    : /
<OTHER>    : /
<WORD>     : xanimu
<OTHER>    : .
<WORD>     : com
<OTHER>    : /
<WORD>     : cs
<OTHER>    : /
<NUMBER>   : 42019
<OTHER>    : -
<NUMBER>   : 3
<WORD>     : d
<OTHER>    : -
<WORD>     : hentai
<OTHER>    : -
<WORD>     : Sedm
<OTHER>    : -
<WORD>     : smrteln
<OTHER>    : %
<WORD>     : C
<NUMBER>   : 3
<OTHER>    : %
<WORD>     : BDch
<OTHER>    : -
<WORD>     : h
<OTHER>    : %
<WORD>     : C
<NUMBER>   : 5
<OTHER>    : %
<NUMBER>   : 99
<OTHER>    : %
<WORD>     : C
<NUMBER>   : 3
<OTHER>    : %
<WORD>     : ADch
<OTHER>    : %
<WORD>     : C
<NUMBER>   : 5
<OTHER>    : %
<WORD>     : AF
<OTHER>    : -
<WORD>     : sex
<OTHER>    : -
<WORD>     : s
<OTHER>    : -
<WORD>     : elizabeth
<OTHER>    : -
<WORD>     : liones
<OTHER>    : -
<WORD>     : creampie
<OTHER>    : /
<OTHER>    : "
<WORD>     : title
<OTHER>    : =
<OTHER>    : "
<OTHER>    : (
<NUMBER>   : 3
<WORD>     : d
<WORD>     : Hentai
<OTHER>    : )
<OTHER>    : (
<WORD>     : Sedm
<WORD>     : smrteln
<WORD>     : ch
<WORD>     : h
<OTHER>    : ř
<WORD>     : ch
<OTHER>    : ů
<OTHER>    : )
<WORD>     : Sex
<WORD>     : s
<WORD>     : Elizabeth
<WORD>     : Liones
<OTHER>    : (
<WORD>     : creampie
<OTHER>    : )
<OTHER>    : "
<OTHER>    : >
<OTHER>    : (
<NUMBER>   : 3
<WORD>     : d
<WORD>     : Hentai
<OTHER>    : )
<OTHER>    : (
<WORD>     : Sedm
<WORD>     : smrteln
<WORD>     : ch
<WORD>     : h
<OTHER>    : ř
<WORD>     : ch
<OTHER>    : ů
<OTHER>    : )
<WORD>     : Sex
<WORD>     : s
<WORD>     : Elizabeth
<WORD>     : Liones
<OTHER>    : (
<WORD>     : creampie
<OTHER>    : )
<NUMBER>   : 18760
<NUMBER>   : 77
<OTHER>    : %
<NUMBER>   : 03
<OTHER>    : :
<NUMBER>   : 18
<WORD>     : HD
<WORD>     : Melascula
<WORD>     : Seven
<WORD>     : Deadly
<WORD>     : Sins
<OTHER>    : (
<WORD>     : Raised
<WORD>     : With
<WORD>     : Sound
<OTHER>    : )
<NUMBER>   : 1495
<NUMBER>   : 67
<OTHER>    : %
<NUMBER>   : 14
<OTHER>    : :
<NUMBER>   : 24
<WORD>     : HD
<OTHER>    : <
<WORD>     : a
<WORD>     : class
<OTHER>    : =
<OTHER>    : "
<WORD>     : infos
<OTHER>    : "
<WORD>     : href
<OTHER>    : =
<OTHER>    : "
<WORD>     : https
<OTHER>    : :
<OTHER>    : /
<OTHER>    : /
<WORD>     : xanimu
<OTHER>    : .
<WORD>     : com
<OTHER>    : /
<WORD>     : cs
<OTHER>    : /
<NUMBER>   : 42008
<OTHER>    : -
<NUMBER>   : 3
<WORD>     : d
<OTHER>    : -
<WORD>     : hentai
<OTHER>    : -
<WORD>     : Sedm
<OTHER>    : -
<WORD>     : smrteln
<OTHER>    : %
<WORD>     : C
<NUMBER>   : 3
<OTHER>    : %
<WORD>     : BDch
<OTHER>    : -
<WORD>     : h
<OTHER>    : %
<WORD>     : C
<NUMBER>   : 5
<OTHER>    : %
<NUMBER>   : 99
<OTHER>    : %
<WORD>     : C
<NUMBER>   : 3
<OTHER>    : %
<WORD>     : ADch
<OTHER>    : %
<WORD>     : C
<NUMBER>   : 5
<OTHER>    : %
<WORD>     : AF
<OTHER>    : -
<WORD>     : sex
<OTHER>    : -
<WORD>     : s
<OTHER>    : -
<WORD>     : Jerichem
<OTHER>    : /
<OTHER>    : "
<WORD>     : title
<OTHER>    : =
<OTHER>    : "
<OTHER>    : (
<NUMBER>   : 3
<WORD>     : d
<WORD>     : Hentai
<OTHER>    : )
<OTHER>    : (
<WORD>     : sedm
<WORD>     : smrteln
<WORD>     : ch
<WORD>     : h
<OTHER>    : ř
<WORD>     : ch
<OTHER>    : ů
<OTHER>    : )
<WORD>     : Sex
<WORD>     : s
<WORD>     : Jerichem
<OTHER>    : "
<OTHER>    : >
<OTHER>    : (
<NUMBER>   : 3
<WORD>     : d
<WORD>     : Hentai
<OTHER>    : )
<OTHER>    : (
<WORD>     : sedm
<WORD>     : smrteln
<WORD>     : ch
<WORD>     : h
<OTHER>    : ř
<WORD>     : ch
<OTHER>    : ů
<OTHER>    : )
<WORD>     : Sex
<WORD>     : s
<WORD>     : Jerichem
<NUMBER>   : 7341
<NUMBER>   : 64
<OTHER>    : %
<NUMBER>   : 08
<OTHER>    : :
<NUMBER>   : 23
<WORD>     : HD
<OTHER>    : <
<WORD>     : a
<WORD>     : class
<OTHER>    : =
<OTHER>    : "
<WORD>     : infos
<OTHER>    : "
<WORD>     : href
<OTHER>    : =
<OTHER>    : "
<WORD>     : https
<OTHER>    : :
<OTHER>    : /
<OTHER>    : /
<WORD>     : xanimu
<OTHER>    : .
<WORD>     : com
<OTHER>    : /
<WORD>     : cs
<OTHER>    : /
<NUMBER>   : 42060
<OTHER>    : -
<NUMBER>   : 3
<WORD>     : d
<OTHER>    : -
<WORD>     : hentai
<OTHER>    : -
<WORD>     : lesbi
<OTHER>    : %
<WORD>     : C
<NUMBER>   : 4
<OTHER>    : %
<NUMBER>   : 8
<WORD>     : Dka
<OTHER>    : -
<WORD>     : sedm
<OTHER>    : -
<WORD>     : smrteln
<OTHER>    : %
<WORD>     : C
<NUMBER>   : 3
<OTHER>    : %
<WORD>     : BDch
<OTHER>    : -
<WORD>     : h
<OTHER>    : %
<WORD>     : C
<NUMBER>   : 5
<OTHER>    : %
<NUMBER>   : 99
<OTHER>    : %
<WORD>     : C
<NUMBER>   : 3
<OTHER>    : %
<WORD>     : ADch
<OTHER>    : %
<WORD>     : C
<NUMBER>   : 5
<OTHER>    : %
<WORD>     : AF
<OTHER>    : -
<WORD>     : merlin
<OTHER>    : -
<WORD>     : x
<OTHER>    : -
<WORD>     : elizabeth
<OTHER>    : -
<WORD>     : liones
<OTHER>    : /
<OTHER>    : "
<WORD>     : title
<OTHER>    : =
<OTHER>    : "
<OTHER>    : (
<NUMBER>   : 3
<WORD>     : d
<WORD>     : Hentai
<OTHER>    : )
<OTHER>    : (
<WORD>     : lesbi
<OTHER>    : č
<WORD>     : ka
<OTHER>    : )
<OTHER>    : (
<WORD>     : sedm
<WORD>     : smrteln
<WORD>     : ch
<WORD>     : h
<OTHER>    : ř
<WORD>     : ch
<OTHER>    : ů
<OTHER>    : )
<WORD>     : Merlin
<WORD>     : X
<WORD>     : Elizabeth
<WORD>     : Liones
<OTHER>    : "
<OTHER>    : >
<OTHER>    : (
<NUMBER>   : 3
<WORD>     : d
<WORD>     : Hentai
<OTHER>    : )
<OTHER>    : (
<WORD>     : lesbi
<OTHER>    : č
<WORD>     : ka
<OTHER>    : )
<OTHER>    : (
<WORD>     : sedm
<WORD>     : smrteln
<WORD>     : ch
<WORD>     : h
<OTHER>    : ř
<WORD>     : ch
<OTHER>    : ů
<OTHER>    : )
<WORD>     : Merlin
<WORD>     : X
<WORD>     : Elizabeth
<WORD>     : Liones
<NUMBER>   : 9668
<NUMBER>   : 88
<OTHER>    : %
<NUMBER>   : 08
<OTHER>    : :
<NUMBER>   : 57
<WORD>     : HD
<OTHER>    : <
<WORD>     : a
<WORD>     : class
<OTHER>    : =
<OTHER>    : "
<WORD>     : infos
<OTHER>    : "
<WORD>     : href
<OTHER>    : =
<OTHER>    : "
<WORD>     : https
<OTHER>    : :
<OTHER>    : /
<OTHER>    : /
<WORD>     : xanimu
<OTHER>    : .
<WORD>     : com
<OTHER>    : /
<WORD>     : cs
<OTHER>    : /
<NUMBER>   : 42021
<OTHER>    : -
<WORD>     : diane
<OTHER>    : -
<WORD>     : sedm
<OTHER>    : -
<WORD>     : smrteln
<OTHER>    : %
<WORD>     : C
<NUMBER>   : 3
<OTHER>    : %
<WORD>     : BDch
<OTHER>    : -
<WORD>     : h
<OTHER>    : %
<WORD>     : C
<NUMBER>   : 5
<OTHER>    : %
<NUMBER>   : 99
<OTHER>    : %
<WORD>     : C
<NUMBER>   : 3
<OTHER>    : %
<WORD>     : ADch
<OTHER>    : %
<WORD>     : C
<NUMBER>   : 5
<OTHER>    : %
<WORD>     : AF
<OTHER>    : -
<WORD>     : anime
<OTHER>    : /
<OTHER>    : "
<WORD>     : title
<OTHER>    : =
<OTHER>    : "
<WORD>     : Diane
<WORD>     : Sedm
<WORD>     : smrteln
<WORD>     : ch
<WORD>     : h
<OTHER>    : ř
<WORD>     : ch
<OTHER>    : ů
<WORD>     : Anime
<OTHER>    : "
<OTHER>    : >
<WORD>     : Diane
<WORD>     : Sedm
<WORD>     : smrteln
<WORD>     : ch
<WORD>     : h
<OTHER>    : ř
<WORD>     : ch
<OTHER>    : ů
<WORD>     : Anime
<NUMBER>   : 77453
<NUMBER>   : 82
<OTHER>    : %
<NUMBER>   : 02
<OTHER>    : :
<NUMBER>   : 22
<WORD>     : Vrchn
<OTHER>    : č
<WORD>     : st
<WORD>     : Hentai
<WORD>     : Zna
<OTHER>    : č
<WORD>     : ky
<WORD>     : videa
<NUMBER>   : 3
<WORD>     : d
<WORD>     : hentai
<WORD>     : necenzurovan
<WORD>     : whorecraft
<WORD>     : blender
<WORD>     : porno
<WORD>     : videa
<WORD>     : source
<WORD>     : filmmaker
<WORD>     : blackjrxiii
<OTHER>    : <
<WORD>     : a
<WORD>     : href
<OTHER>    : =
<OTHER>    : "
<OTHER>    : /
<WORD>     : cs
<OTHER>    : /
<OTHER>    : %
<WORD>     : C
<NUMBER>   : 5
<OTHER>    : %
<WORD>     : A
<NUMBER>   : 1
<WORD>     : t
<OTHER>    : %
<WORD>     : C
<NUMBER>   : 3
<OTHER>    : %
<WORD>     : ADtek
<OTHER>    : /
<WORD>     : ko
<OTHER>    : %
<WORD>     : C
<NUMBER>   : 5
<OTHER>    : %
<NUMBER>   : 88
<WORD>     : sk
<OTHER>    : %
<WORD>     : C
<NUMBER>   : 3
<OTHER>    : %
<WORD>     : BD
<OTHER>    : -
<WORD>     : kohout
<OTHER>    : /
<OTHER>    : "
<WORD>     : class
<OTHER>    : =
<OTHER>    : "
<WORD>     : label
<OTHER>    : -
<WORD>     : tag
<OTHER>    : "
<WORD>     : title
<OTHER>    : =
<OTHER>    : "
<WORD>     : ko
<OTHER>    : ň
<WORD>     : sk
<WORD>     : penis
<OTHER>    : "
<OTHER>    : >
<WORD>     : ko
<OTHER>    : ň
<WORD>     : sk
<WORD>     : penis
<WORD>     : mal
<WORD>     : kozy
<WORD>     : Holka
<WORD>     : s
<WORD>     : holkou
<WORD>     : sfm
<WORD>     : futa
<WORD>     : monster
<WORD>     : girl
<WORD>     : an
<WORD>     : ln
<WORD>     : vore
<WORD>     : sfm
<WORD>     : sestaven
<OTHER>    : <
<WORD>     : a
<WORD>     : href
<OTHER>    : =
<OTHER>    : "
<OTHER>    : /
<WORD>     : cs
<OTHER>    : /
<OTHER>    : %
<WORD>     : C
<NUMBER>   : 5
<OTHER>    : %
<WORD>     : A
<NUMBER>   : 1
<WORD>     : t
<OTHER>    : %
<WORD>     : C
<NUMBER>   : 3
<OTHER>    : %
<WORD>     : ADtek
<OTHER>    : /
<WORD>     : vyboulen
<OTHER>    : %
<WORD>     : C
<NUMBER>   : 3
<OTHER>    : %
<WORD>     : AD
<OTHER>    : -
<OTHER>    : %
<WORD>     : C
<NUMBER>   : 5
<OTHER>    : %
<WORD>     : BEaludku
<OTHER>    : /
<OTHER>    : "
<WORD>     : class
<OTHER>    : =
<OTHER>    : "
<WORD>     : label
<OTHER>    : -
<WORD>     : tag
<OTHER>    : "
<WORD>     : title
<OTHER>    : =
<OTHER>    : "
<WORD>     : vyboulen
<OTHER>    : ž
<WORD>     : aludku
<OTHER>    : "
<OTHER>    : >
<WORD>     : vyboulen
<OTHER>    : ž
<WORD>     : aludku
<WORD>     : hmv
<WORD>     : rule
<NUMBER>   : 34
<WORD>     : mlp
<WORD>     : futa
<WORD>     : succubus
<NUMBER>   : 3
<WORD>     : d
<WORD>     : sex
<WORD>     : monster
<WORD>     : point
<WORD>     : of
<WORD>     : view
<WORD>     : animovan
<WORD>     : porno
<WORD>     : matka
<OTHER>    : <
<WORD>     : a
<WORD>     : href
<OTHER>    : =
<OTHER>    : "
<OTHER>    : /
<WORD>     : cs
<OTHER>    : /
<OTHER>    : %
<WORD>     : C
<NUMBER>   : 5
<OTHER>    : %
<WORD>     : A
<NUMBER>   : 1
<WORD>     : t
<OTHER>    : %
<WORD>     : C
<NUMBER>   : 3
<OTHER>    : %
<WORD>     : ADtek
<OTHER>    : /
<WORD>     : ve
<OTHER>    : %
<WORD>     : C
<NUMBER>   : 5
<OTHER>    : %
<NUMBER>   : 99
<WORD>     : ejnost
<OTHER>    : /
<OTHER>    : "
<WORD>     : class
<OTHER>    : =
<OTHER>    : "
<WORD>     : label
<OTHER>    : -
<WORD>     : tag
<OTHER>    : "
<WORD>     : title
<OTHER>    : =
<OTHER>    : "
<WORD>     : na
<WORD>     : ve
<OTHER>    : ř
<WORD>     : ejnosti
<OTHER>    : "
<OTHER>    : >
<WORD>     : na
<WORD>     : ve
<OTHER>    : ř
<WORD>     : ejnosti
<NUMBER>   : 3
<WORD>     : some
<WORD>     : dp
<WORD>     : gangbang
<WORD>     : yiff
<WORD>     : doggy
<WORD>     : style
<OTHER>    : <
<WORD>     : a
<WORD>     : href
<OTHER>    : =
<OTHER>    : "
<OTHER>    : /
<WORD>     : cs
<OTHER>    : /
<OTHER>    : %
<WORD>     : C
<NUMBER>   : 5
<OTHER>    : %
<WORD>     : A
<NUMBER>   : 1
<WORD>     : t
<OTHER>    : %
<WORD>     : C
<NUMBER>   : 3
<OTHER>    : %
<WORD>     : ADtek
<OTHER>    : /
<OTHER>    : %
<WORD>     : C
<NUMBER>   : 5
<OTHER>    : %
<WORD>     : A
<NUMBER>   : 1
<WORD>     : kola
<OTHER>    : %
<WORD>     : C
<NUMBER>   : 4
<OTHER>    : %
<NUMBER>   : 8
<WORD>     : Dka
<OTHER>    : /
<OTHER>    : "
<WORD>     : class
<OTHER>    : =
<OTHER>    : "
<WORD>     : label
<OTHER>    : -
<WORD>     : tag
<OTHER>    : "
<WORD>     : title
<OTHER>    : =
<OTHER>    : "
<OTHER>    : š
<WORD>     : kola
<OTHER>    : č
<WORD>     : ka
<OTHER>    : "
<OTHER>    : >
<OTHER>    : š
<WORD>     : kola
<OTHER>    : č
<WORD>     : ka
<WORD>     : an
<WORD>     : ln
<WORD>     : sex
<WORD>     : velk
<WORD>     : zadek
<OTHER>    : <
<WORD>     : a
<WORD>     : href
<OTHER>    : =
<OTHER>    : "
<OTHER>    : /
<WORD>     : cs
<OTHER>    : /
<OTHER>    : %
<WORD>     : C
<NUMBER>   : 5
<OTHER>    : %
<WORD>     : A
<NUMBER>   : 1
<WORD>     : t
<OTHER>    : %
<WORD>     : C
<NUMBER>   : 3
<OTHER>    : %
<WORD>     : ADtek
<OTHER>    : /
<NUMBER>   : 728
<OTHER>    : -
<WORD>     : na
<OTHER>    : -
<WORD>     : koni
<OTHER>    : /
<OTHER>    : "
<WORD>     : class
<OTHER>    : =
<OTHER>    : "
<WORD>     : label
<OTHER>    : -
<WORD>     : tag
<OTHER>    : "
<WORD>     : title
<OTHER>    : =
<OTHER>    : "
<WORD>     : na
<WORD>     : kon
<OTHER>    : č
<WORD>     : ka
<OTHER>    : "
<OTHER>    : >
<WORD>     : na
<WORD>     : kon
<OTHER>    : č
<WORD>     : ka
<OTHER>    : <
<WORD>     : a
<WORD>     : href
<OTHER>    : =
<OTHER>    : "
<OTHER>    : /
<WORD>     : cs
<OTHER>    : /
<OTHER>    : %
<WORD>     : C
<NUMBER>   : 5
<OTHER>    : %
<WORD>     : A
<NUMBER>   : 1
<WORD>     : t
<OTHER>    : %
<WORD>     : C
<NUMBER>   : 3
<OTHER>    : %
<WORD>     : ADtek
<OTHER>    : /
<WORD>     : reverzn
<OTHER>    : %
<WORD>     : C
<NUMBER>   : 3
<OTHER>    : %
<WORD>     : AD
<OTHER>    : -
<WORD>     : cowgirl
<OTHER>    : /
<OTHER>    : "
<WORD>     : class
<OTHER>    : =
<OTHER>    : "
<WORD>     : label
<OTHER>    : -
<WORD>     : tag
<OTHER>    : "
<WORD>     : title
<OTHER>    : =
<OTHER>    : "
<WORD>     : opa
<OTHER>    : č
<WORD>     : n
<WORD>     : cowgirl
<OTHER>    : "
<OTHER>    : >
<WORD>     : opa
<OTHER>    : č
<WORD>     : n
<WORD>     : cowgirl
<WORD>     : manga
<WORD>     : drak
<WORD>     : velk
<WORD>     : prsa
<WORD>     : squirting
<WORD>     : elf
<WORD>     : l
<WORD>     : z
<WORD>     : n
<WORD>     : kundy
<WORD>     : monstr
<WORD>     : zn
<WORD>     : penis
<OTHER>    : <
<WORD>     : a
<WORD>     : href
<OTHER>    : =
<OTHER>    : "
<OTHER>    : /
<WORD>     : cs
<OTHER>    : /
<NUMBER>   : 9
<OTHER>    : -
<WORD>     : zna
<OTHER>    : %
<WORD>     : C
<NUMBER>   : 4
<OTHER>    : %
<NUMBER>   : 8
<WORD>     : Dek
<OTHER>    : -
<WORD>     : videa
<OTHER>    : /
<OTHER>    : "
<WORD>     : class
<OTHER>    : =
<OTHER>    : "
<WORD>     : all
<OTHER>    : -
<WORD>     : cat
<OTHER>    : "
<WORD>     : title
<OTHER>    : =
<OTHER>    : "
<WORD>     : Zobrazit
<WORD>     : porno
<WORD>     : zna
<OTHER>    : č
<WORD>     : ky
<OTHER>    : "
<OTHER>    : >
<WORD>     : V
<OTHER>    : š
<WORD>     : echny
<WORD>     : tagy
<WORD>     : Hry
<WORD>     : a
<WORD>     : Hentai
<WORD>     : Postavy
<WORD>     : D
<OTHER>    : .
<WORD>     : Va
<WORD>     : Lara
<WORD>     : Croft
<WORD>     : Ahri
<WORD>     : Shantae
<WORD>     : Bulma
<WORD>     : Sombra
<WORD>     : Bowsette
<WORD>     : Ada
<WORD>     : Wong
<WORD>     : Samus
<WORD>     : Aran
<WORD>     : Doa
<WORD>     : Kasumi
<WORD>     : Princess
<WORD>     : Zelda
<WORD>     : Android
<NUMBER>   : 18
<WORD>     : Elizabeth
<WORD>     : Elsa
<WORD>     : of
<WORD>     : Arendelle
<WORD>     : Yang
<WORD>     : Xiao
<WORD>     : Long
<WORD>     : Cat
<WORD>     : Burglar
<WORD>     : Nami
<WORD>     : Gardevoir
<WORD>     : Ciri
<WORD>     : of
<WORD>     : Cintra
<WORD>     : Aerith
<WORD>     : Gainsborough
<WORD>     : Cassie
<WORD>     : Cage
<WORD>     : Palutena
<WORD>     : Pharah
<WORD>     : Ruby
<WORD>     : Rose
<WORD>     : Claire
<WORD>     : Redfield
<WORD>     : Setogaya
<WORD>     : Mari
<WORD>     : Felicia
<WORD>     : Darkstalkers
<WORD>     : Ashe
<WORD>     : Ow
<WORD>     : Link
<WORD>     : Yaoi
<WORD>     : Charizard
<WORD>     : Elastigirl
<WORD>     : V
<OTHER>    : š
<WORD>     : ichni
<WORD>     : herci
<WORD>     : Hled
<WORD>     : te
<WORD>     : pro
<WORD>     : hentai
<WORD>     : nanatsu
<OTHER>    : ž
<WORD>     : dn
<WORD>     : taizai
<WORD>     : videa
<OTHER>    : ?
<WORD>     : Tis
<WORD>     : ce
<OTHER>    : ž
<WORD>     : asn
<WORD>     : ch
<WORD>     : nanatsu
<WORD>     : bez
<WORD>     : taizai
<WORD>     : porno
<WORD>     : klip
<OTHER>    : ů
<WORD>     : jsou
<WORD>     : v
<WORD>     : t
<WORD>     : to
<WORD>     : kategorii
<WORD>     : a
<WORD>     : ve
<WORD>     : vysok
<WORD>     : kvalit
<OTHER>    : ě
<OTHER>    : !
<WORD>     : XAnimu
<OTHER>    : -
<WORD>     : hentai
<WORD>     : a
<WORD>     : hern
<WORD>     : porno
<WORD>     : trubice
<OTHER>    : -
<WORD>     : je
<WORD>     : pln
<WORD>     : porno
<WORD>     : vide
<WORD>     : ozna
<OTHER>    : č
<WORD>     : en
<WORD>     : ch
<WORD>     : nanatsu
<WORD>     : no
<WORD>     : taizai
<WORD>     : a
<WORD>     : ka
<OTHER>    : ž
<WORD>     : d
<WORD>     : den
<WORD>     : p
<OTHER>    : ř
<WORD>     : id
<WORD>     : v
<WORD>     : me
<WORD>     : nov
<OTHER>    : .
<WORD>     : To
<WORD>     : znamen
<OTHER>    : ,
<OTHER>    : ž
<WORD>     : e
<WORD>     : m
<OTHER>    : ů
<OTHER>    : ž
<WORD>     : ete
<WORD>     : nav
<OTHER>    : š
<WORD>     : t
<WORD>     : vit
<WORD>     : XAnimu
<WORD>     : kdykoli
<WORD>     : pro
<WORD>     : svou
<WORD>     : d
<WORD>     : vku
<WORD>     : hentai
<WORD>     : nanatsu
<OTHER>    : ž
<WORD>     : dn
<WORD>     : taizai
<WORD>     : porno
<OTHER>    : .
<WORD>     : Rozhodli
<WORD>     : jsme
<WORD>     : se
<WORD>     : b
<WORD>     : t
<WORD>     : zdrojem
<OTHER>    : č
<WORD>     : slo
<WORD>     : jedna
<WORD>     : pro
<WORD>     : hentai
<WORD>     : porno
<WORD>     : se
<WORD>     : specializac
<WORD>     : na
<WORD>     : hran
<WORD>     : porno
<WORD>     : videa
<OTHER>    : .
<WORD>     : A
<WORD>     : sna
<OTHER>    : ž
<WORD>     : me
<WORD>     : se
<WORD>     : co
<WORD>     : nejl
<WORD>     : pe
<WORD>     : pokr
<WORD>     : t
<WORD>     : v
<OTHER>    : š
<WORD>     : echny
<WORD>     : zn
<WORD>     : m
<WORD>     : hentai
<WORD>     : porno
<WORD>     : v
<WORD>     : klenek
<OTHER>    : .
<WORD>     : A
<WORD>     : proto
<WORD>     : usilovn
<OTHER>    : ě
<WORD>     : pracujeme
<WORD>     : na
<WORD>     : tom
<OTHER>    : ,
<WORD>     : abychom
<WORD>     : tuto
<WORD>     : nanatsu
<OTHER>    : ž
<WORD>     : dnou
<WORD>     : sekci
<WORD>     : Taizai
<WORD>     : neaktualizovali
<WORD>     : v
<OTHER>    : š
<WORD>     : emi
<WORD>     : nejlep
<OTHER>    : š
<WORD>     : mi
<WORD>     : videi
<OTHER>    : ,
<WORD>     : kter
<WORD>     : lze
<WORD>     : naj
<WORD>     : t
<WORD>     : online
<OTHER>    : .
<WORD>     : Pokud
<WORD>     : chcete
<WORD>     : jak
<OTHER>    : č
<WORD>     : erstv
<OTHER>    : ,
<WORD>     : tak
<WORD>     : dob
<OTHER>    : ř
<WORD>     : e
<WORD>     : zn
<WORD>     : m
<WORD>     : nanatsu
<OTHER>    : ž
<WORD>     : dn
<WORD>     : taizai
<WORD>     : videa
<OTHER>    : ,
<WORD>     : jste
<WORD>     : na
<WORD>     : spr
<WORD>     : vn
<WORD>     : m
<WORD>     : m
<WORD>     : st
<OTHER>    : ě
<OTHER>    : .
<NUMBER>   : 18
<WORD>     : USC
<NUMBER>   : 2257
<WORD>     : Podm
<WORD>     : nky
<WORD>     : pou
<OTHER>    : ž
<WORD>     : it
<WORD>     : DMCA
<WORD>     : Ochrana
<WORD>     : osobn
<WORD>     : ch
<WORD>     : daj
<OTHER>    : ů
<WORD>     : Nejlep
<OTHER>    : š
<WORD>     : hentai
<WORD>     : porno
<WORD>     : str
<WORD>     : nky
<WORD>     : Hentai
<WORD>     : Porn
<WORD>     : str
<WORD>     : nky
<WORD>     : ThePornList
<OTHER>    : .
<WORD>     : net
<WORD>     : Kontakt
<WORD>     : Mapa
<WORD>     : str
<WORD>     : nek
<WORD>     : XAnimu
<OTHER>    : .
<WORD>     : com
<NUMBER>   : 2021
<OTHER>    : -
<WORD>     : V
<OTHER>    : š
<WORD>     : echna
<WORD>     : pr
<WORD>     : va
<WORD>     : vyhrazena
<OTHER>    : .
<OTHER>    : -
<NUMBER>   : 1
<OTHER>    : &
<OTHER>    : &
<OTHER>    : (
<WORD>     : I
<OTHER>    : (
<WORD>     : t
<OTHER>    : ,
<WORD>     : e
<OTHER>    : )
<OTHER>    : ,
<WORD>     : h
<OTHER>    : (
<WORD>     : t
<OTHER>    : ,
<WORD>     : o
<OTHER>    : .
<WORD>     : class
<OTHER>    : _
<WORD>     : loading
<OTHER>    : )
<OTHER>    : )
<OTHER>    : ,
<WORD>     : m
<OTHER>    : (
<WORD>     : t
<OTHER>    : ,
<WORD>     : e
<OTHER>    : )
<OTHER>    : ,
<WORD>     : function
<OTHER>    : (
<WORD>     : t
<OTHER>    : )
<OTHER>    : ;
<WORD>     : Nahl
<WORD>     : sit
<WORD>     : p
<OTHER>    : ř
<WORD>     : sp
<OTHER>    : ě
<WORD>     : vek
<OTHER>    : &
<WORD>     : nbsp
<OTHER>    : ;
<OTHER>    : &
<WORD>     : nbsp
<OTHER>    : ;
<WORD>     : Va
<OTHER>    : š
<WORD>     : e
<WORD>     : jm
<WORD>     : no
<OTHER>    : :
<WORD>     : V
<OTHER>    : š
<WORD>     : e
<OTHER>    : -
<WORD>     : mail
<OTHER>    : :
<WORD>     : Sd
<OTHER>    : ě
<WORD>     : lte
<WORD>     : n
<WORD>     : m
<WORD>     : pros
<WORD>     : m
<OTHER>    : ,
<WORD>     : pro
<OTHER>    : č
<WORD>     : si
<WORD>     : mysl
<WORD>     : te
<OTHER>    : ,
<OTHER>    : ž
<WORD>     : e
<WORD>     : je
<WORD>     : tento
<WORD>     : p
<OTHER>    : ř
<WORD>     : sp
<OTHER>    : ě
<WORD>     : vek
<WORD>     : nevhodn
<WORD>     : a
<WORD>     : nem
<OTHER>    : ě
<WORD>     : l
<WORD>     : by
<WORD>     : tam
<WORD>     : b
<WORD>     : t
<OTHER>    : :
<WORD>     : Zru
<OTHER>    : š
<WORD>     : it
<WORD>     : Zpr
<WORD>     : va
<OTHER>    : =
<DOMAIN>   : popMagic.config.frequency
<OTHER>    : _
<WORD>     : count
<OTHER>    : )
<WORD>     : return
<OTHER>    : !
<NUMBER>   : 1
<OTHER>    : ;
<WORD>     : var
<WORD>     : o
<OTHER>    : =
<WORD>     : popMagic
<OTHER>    : .
<WORD>     : getCountFromCoo
<WORD>     : kie
<OTHER>    : (
<OTHER>    : )
<OTHER>    : ;
<WORD>     : return
<WORD>     : popMagic
<OTHER>    : .
<WORD>     : open
<OTHER>    : _
<WORD>     : count
<OTHER>    : =
<WORD>     : o
<OTHER>    : ,
<OTHER>    : !
<OTHER>    : (
<WORD>     : o
<OTHER>    : >
<OTHER>    : =
<DOMAIN>   : popMagic.config.frequency
<OTHER>    : _
<WORD>     : count
<OTHER>    : )
<OTHER>    : }
<OTHER>    : ,
<WORD>     : venorShouldShow
<OTHER>    : :
<WORD>     : function
<OTHER>    : (
<OTHER>    : )
<OTHER>    : )
<OTHER>    : ;
