<WORD>     : Databases
<OTHER>    : |
<WORD>     : WZB
<WORD>     : Skip
<WORD>     : to
<WORD>     : main
<WORD>     : content
<WORD>     : Main
<WORD>     : content
<OTHER>    : -
<OTHER>    : -
<OTHER>    : >
<WORD>     : Deutsch
<WORD>     : English
<WORD>     : Secondary
<WORD>     : Menu
<WORD>     : Contact
<WORD>     : Search
<WORD>     : Top
<WORD>     : Level
<WORD>     : Menu
<WORD>     : The
<WORD>     : WZB
<WORD>     : Research
<WORD>     : Publications
<WORD>     : Events
<WORD>     : Press
<WORD>     : Literature
<OTHER>    : &
<WORD>     : amp
<OTHER>    : ;
<WORD>     : Data
<WORD>     : Top
<WORD>     : Level
<WORD>     : Menu
<WORD>     : Content
<WORD>     : Open
<WORD>     : Menu
<WORD>     : Close
<WORD>     : Menu
<WORD>     : Close
<WORD>     : Menu
<WORD>     : The
<WORD>     : WZB
<OTHER>    : +
<OTHER>    : /
<OTHER>    : -
<WORD>     : Management
<OTHER>    : +
<OTHER>    : /
<OTHER>    : -
<WORD>     : President
<OTHER>    : +
<OTHER>    : /
<OTHER>    : -
<WORD>     : People
<WORD>     : Managing
<WORD>     : Director
<OTHER>    : +
<OTHER>    : /
<OTHER>    : -
<WORD>     : People
<WORD>     : Organization
<OTHER>    : +
<OTHER>    : /
<OTHER>    : -
<WORD>     : Boards
<OTHER>    : +
<OTHER>    : /
<OTHER>    : -
<WORD>     : Board
<WORD>     : of
<WORD>     : Trustees
<WORD>     : Advisory
<WORD>     : Board
<WORD>     : Boards
<WORD>     : Office
<WORD>     : Service
<WORD>     : and
<WORD>     : Administration
<OTHER>    : +
<OTHER>    : /
<OTHER>    : -
<WORD>     : Communications
<WORD>     : IT
<OTHER>    : -
<WORD>     : Department
<OTHER>    : +
<OTHER>    : /
<OTHER>    : -
<WORD>     : People
<WORD>     : Research
<WORD>     : Information
<WORD>     : Finance
<WORD>     : Services
<OTHER>    : +
<OTHER>    : /
<OTHER>    : -
<WORD>     : People
<WORD>     : Purchasing
<WORD>     : and
<WORD>     : Building
<WORD>     : Administration
<OTHER>    : +
<OTHER>    : /
<OTHER>    : -
<WORD>     : People
<WORD>     : Personnel
<WORD>     : Service
<WORD>     : and
<WORD>     : Travel
<WORD>     : Expenses
<WORD>     : Service
<OTHER>    : +
<OTHER>    : /
<OTHER>    : -
<WORD>     : People
<WORD>     : Internal
<WORD>     : Services
<OTHER>    : +
<OTHER>    : /
<OTHER>    : -
<WORD>     : People
<WORD>     : Find
<WORD>     : People
<WORD>     : Working
<WORD>     : at
<WORD>     : the
<WORD>     : WZB
<OTHER>    : +
<OTHER>    : /
<OTHER>    : -
<WORD>     : Personnel
<WORD>     : Development
<WORD>     : Berufsausbildun
<WORD>     : g
<WORD>     : HR
<WORD>     : Excellence
<WORD>     : in
<WORD>     : Research
<WORD>     : Equal
<WORD>     : Opportunities
<WORD>     : and
<WORD>     : Work
<OTHER>    : -
<WORD>     : Life
<WORD>     : Balance
<WORD>     : at
<WORD>     : the
<WORD>     : WZB
<WORD>     : Job
<WORD>     : opportunities
<WORD>     : Cooperation
<WORD>     : International
<WORD>     : Affairs
<WORD>     : WZB
<OTHER>    : -
<WORD>     : Fellows
<WORD>     : Honorary
<WORD>     : Fellows
<WORD>     : K
<OTHER>    : .
<WORD>     : W
<OTHER>    : .
<WORD>     : Deutsch
<WORD>     : Professorship
<WORD>     : Friends
<WORD>     : A
<OTHER>    : .
<WORD>     : SK
<WORD>     : Award
<OTHER>    : +
<OTHER>    : /
<OTHER>    : -
<WORD>     : Prize
<WORD>     : Recipients
<WORD>     : Fellowship
<WORD>     : The
<WORD>     : Founders
<WORD>     : Selection
<WORD>     : Committee
<WORD>     : Geschichte
<WORD>     : des
<WORD>     : WZB
<WORD>     : Alumni
<WORD>     : Research
<OTHER>    : +
<OTHER>    : /
<OTHER>    : -
<WORD>     : Dynamics
<WORD>     : of
<WORD>     : Social
<WORD>     : Inequalities
<OTHER>    : +
<OTHER>    : /
<OTHER>    : -
<WORD>     : Skill
<WORD>     : Formation
<WORD>     : and
<WORD>     : Labor
<WORD>     : Markets
<OTHER>    : +
<OTHER>    : /
<OTHER>    : -
<WORD>     : People
<WORD>     : Projects
<WORD>     : Publications
<WORD>     : since
<NUMBER>   : 2019
<WORD>     : Publications
<NUMBER>   : 2013
<OTHER>    : -
<NUMBER>   : 2018
<WORD>     : Publications
<NUMBER>   : 2008
<OTHER>    : -
<NUMBER>   : 2012
<WORD>     : Books
<WORD>     : Educational
<WORD>     : Panel
<OTHER>    : +
<OTHER>    : /
<OTHER>    : -
<WORD>     : People
<WORD>     : Projects
<WORD>     : Publications
<WORD>     : Work
<WORD>     : and
<WORD>     : Care
<OTHER>    : +
<OTHER>    : /
<OTHER>    : -
<WORD>     : People
<WORD>     : Projects
<WORD>     : Publications
<WORD>     : Teaching
<WORD>     : Effort
<WORD>     : and
<WORD>     : Social
<WORD>     : Inequality
<OTHER>    : +
<OTHER>    : /
<OTHER>    : -
<WORD>     : People
<WORD>     : Health
<WORD>     : and
<WORD>     : Social
<WORD>     : Inequality
<WORD>     : Inequality
<WORD>     : and
<WORD>     : Social
<WORD>     : Policy
<WORD>     : Markets
<WORD>     : and
<WORD>     : Choice
<OTHER>    : +
<OTHER>    : /
<OTHER>    : -
<WORD>     : Market
<WORD>     : Behavior
<OTHER>    : +
<OTHER>    : /
<OTHER>    : -
<WORD>     : Experiments
<WORD>     : People
<OTHER>    : +
<OTHER>    : /
<OTHER>    : -
<WORD>     : Guests
<OTHER>    : +
<OTHER>    : /
<OTHER>    : -
<WORD>     : Previous
<WORD>     : guests
<WORD>     : Research
<WORD>     : topics
<WORD>     : Publications
<WORD>     : Events
<OTHER>    : +
<OTHER>    : /
<OTHER>    : -
<WORD>     : Archive
<WORD>     : Economics
<WORD>     : of
<WORD>     : Change
<OTHER>    : +
<OTHER>    : /
<OTHER>    : -
<WORD>     : People
<OTHER>    : +
<OTHER>    : /
<OTHER>    : -
<WORD>     : Guests
<OTHER>    : +
<OTHER>    : /
<OTHER>    : -
<WORD>     : Previous
<WORD>     : guests
<WORD>     : Research
<WORD>     : articles
<WORD>     : News
<WORD>     : and
<WORD>     : media
<WORD>     : contributions
<WORD>     : Events
<OTHER>    : +
<OTHER>    : /
<OTHER>    : -
<WORD>     : Archive
<WORD>     : Seminars
<WORD>     : Intergeneration
<WORD>     : al
<WORD>     : Social
<WORD>     : Learning
<OTHER>    : +
<OTHER>    : /
<OTHER>    : -
<WORD>     : People
<WORD>     : Ethics
<WORD>     : and
<WORD>     : Behavioral
<WORD>     : Economics
<OTHER>    : +
<OTHER>    : /
<OTHER>    : -
<WORD>     : People
<WORD>     : Publikationen
<WORD>     : Collective
<WORD>     : Decision
<WORD>     : Making
<WORD>     : INSIGHTS
<OTHER>    : +
<OTHER>    : /
<OTHER>    : -
<WORD>     : Communication
<WORD>     : Policy
<WORD>     : transfer
<WORD>     : Transfer
<WORD>     : in
<WORD>     : Action
<WORD>     : Research
<WORD>     : Projects
<WORD>     : Skills
<WORD>     : INSIGHTS
<WORD>     : by
<WORD>     : BSE
<WORD>     : Researchers
<WORD>     : Digitalization
<WORD>     : and
<WORD>     : Societal
<WORD>     : Transformation
<OTHER>    : +
<OTHER>    : /
<OTHER>    : -
<WORD>     : Globalization
<OTHER>    : ,
<WORD>     : Work
<OTHER>    : ,
<WORD>     : and
<WORD>     : Production
<OTHER>    : +
<OTHER>    : /
<OTHER>    : -
<WORD>     : People
<OTHER>    : +
<OTHER>    : /
<OTHER>    : -
<WORD>     : Former
<WORD>     : Members
<WORD>     : Previous
<WORD>     : guests
<WORD>     : Projects
<WORD>     : Publications
<WORD>     : Events
<OTHER>    : +
<OTHER>    : /
<OTHER>    : -
<WORD>     : Previous
<WORD>     : events
<WORD>     : Politics
<WORD>     : of
<WORD>     : Digitalization
<OTHER>    : +
<OTHER>    : /
<OTHER>    : -
<WORD>     : Projects
<WORD>     : Persons
<WORD>     : Events
<WORD>     : Publications
<WORD>     : Digital
<WORD>     : Mobility
<WORD>     : International
<WORD>     : Politics
<WORD>     : and
<WORD>     : Law
<OTHER>    : +
<OTHER>    : /
<OTHER>    : -
<WORD>     : Global
<WORD>     : Governance
<OTHER>    : +
<OTHER>    : /
<OTHER>    : -
<WORD>     : People
<WORD>     : Projects
<WORD>     : Publications
<OTHER>    : +
<OTHER>    : /
<OTHER>    : -
<WORD>     : Books
<WORD>     : Events
<WORD>     : Global
<WORD>     : Public
<WORD>     : Law
<OTHER>    : +
<OTHER>    : /
<OTHER>    : -
<WORD>     : People
<WORD>     : Events
<WORD>     : Global
<WORD>     : Politics
<WORD>     : Political
<WORD>     : Theory
<OTHER>    : +
<OTHER>    : /
<OTHER>    : -
<WORD>     : People
<WORD>     : Publications
<WORD>     : Governance
<WORD>     : for
<WORD>     : Global
<WORD>     : Health
<OTHER>    : +
<OTHER>    : /
<OTHER>    : -
<WORD>     : People
<WORD>     : Publications
<WORD>     : Veranstaltungen
<WORD>     : Global
<WORD>     : Humanitarian
<WORD>     : Medicine
<OTHER>    : +
<OTHER>    : /
<OTHER>    : -
<WORD>     : People
<WORD>     : Publications
<WORD>     : Theory
<OTHER>    : ,
<WORD>     : History
<WORD>     : and
<WORD>     : Future
<WORD>     : of
<WORD>     : Democracy
<OTHER>    : +
<OTHER>    : /
<OTHER>    : -
<WORD>     : People
<WORD>     : Publications
<WORD>     : Dynamics
<WORD>     : of
<WORD>     : Political
<WORD>     : Systems
<OTHER>    : +
<OTHER>    : /
<OTHER>    : -
<WORD>     : Transformations
<WORD>     : of
<WORD>     : Democracy
<WORD>     : Democracy
<WORD>     : and
<WORD>     : Democratization
<OTHER>    : +
<OTHER>    : /
<OTHER>    : -
<WORD>     : People
<WORD>     : Projects
<WORD>     : Publications
<OTHER>    : +
<OTHER>    : /
<OTHER>    : -
<WORD>     : Publications
<NUMBER>   : 2004
<OTHER>    : -
<NUMBER>   : 2011
<WORD>     : Books
<WORD>     : since
<NUMBER>   : 2008
<WORD>     : Books
<NUMBER>   : 2004
<WORD>     : to
<NUMBER>   : 2007
<WORD>     : Downloads
<WORD>     : Migration
<WORD>     : and
<WORD>     : Diversity
<OTHER>    : +
<OTHER>    : /
<OTHER>    : -
<WORD>     : Migration
<OTHER>    : ,
<WORD>     : Integration
<OTHER>    : ,
<WORD>     : Transnationaliz
<WORD>     : ation
<OTHER>    : +
<OTHER>    : /
<OTHER>    : -
<WORD>     : People
<WORD>     : Projects
<WORD>     : Publications
<OTHER>    : +
<OTHER>    : /
<OTHER>    : -
<WORD>     : Books
<WORD>     : Events
<OTHER>    : +
<OTHER>    : /
<OTHER>    : -
<WORD>     : Previous
<WORD>     : events
<WORD>     : International
<WORD>     : Citizenship
<WORD>     : Law
<OTHER>    : +
<OTHER>    : /
<OTHER>    : -
<WORD>     : Projects
<WORD>     : People
<WORD>     : Cooperation
<WORD>     : Publications
<WORD>     : News
<WORD>     : Upcoming
<WORD>     : Events
<WORD>     : Past
<WORD>     : Events
<WORD>     : President
<OTHER>    : &
<OTHER>    : #
<NUMBER>   : 039
<OTHER>    : ;
<WORD>     : s
<WORD>     : Research
<WORD>     : Group
<OTHER>    : +
<OTHER>    : /
<OTHER>    : -
<WORD>     : Research
<WORD>     : Group
<OTHER>    : +
<OTHER>    : /
<OTHER>    : -
<WORD>     : People
<WORD>     : Projects
<WORD>     : Political
<WORD>     : Economy
<WORD>     : of
<WORD>     : Development
<OTHER>    : +
<OTHER>    : /
<OTHER>    : -
<WORD>     : Institutions
<WORD>     : and
<WORD>     : Political
<WORD>     : Inequality
<OTHER>    : +
<OTHER>    : /
<OTHER>    : -
<WORD>     : People
<WORD>     : Research
<WORD>     : Events
<OTHER>    : +
<OTHER>    : /
<OTHER>    : -
<WORD>     : Archive
<WORD>     : Publications
<WORD>     : Opportunities
<WORD>     : Political
<WORD>     : Inequality
<WORD>     : and
<WORD>     : South
<OTHER>    : -
<WORD>     : South
<WORD>     : Migration
<WORD>     : Trans
<OTHER>    : -
<WORD>     : sectoral
<WORD>     : Research
<OTHER>    : +
<OTHER>    : /
<OTHER>    : -
<WORD>     : Center
<WORD>     : for
<WORD>     : Global
<WORD>     : Constitutionali
<WORD>     : sm
<OTHER>    : +
<OTHER>    : /
<OTHER>    : -
<WORD>     : People
<WORD>     : Events
<WORD>     : European
<WORD>     : Junior
<WORD>     : Faculty
<WORD>     : Forum
<WORD>     : Berlin
<WORD>     : Colloquium
<WORD>     : Supra
<OTHER>    : -
<WORD>     : Nat
<WORD>     : MSCA
<WORD>     : Project
<WORD>     : Discussion
<WORD>     : Papers
<WORD>     : Global
<WORD>     : Constitutionali
<WORD>     : sm
<WORD>     : Journal
<WORD>     : Past
<WORD>     : Events
<WORD>     : Against
<WORD>     : Elites
<OTHER>    : ,
<WORD>     : Against
<WORD>     : Outsiders
<OTHER>    : +
<OTHER>    : /
<OTHER>    : -
<WORD>     : People
<WORD>     : Output
<WORD>     : Doctoral
<WORD>     : Program
<WORD>     : Good
<WORD>     : Work
<WORD>     : Center
<WORD>     : for
<WORD>     : Civil
<WORD>     : Society
<WORD>     : Research
<OTHER>    : +
<OTHER>    : /
<OTHER>    : -
<WORD>     : People
<WORD>     : Publications
<WORD>     : Projects
<WORD>     : Events
<WORD>     : Experimenting
<WORD>     : with
<WORD>     : Causality
<OTHER>    : +
<OTHER>    : /
<OTHER>    : -
<WORD>     : People
<WORD>     : School
<OTHER>    : -
<WORD>     : to
<OTHER>    : -
<WORD>     : Work
<WORD>     : Transition
<WORD>     : of
<WORD>     : SEN
<WORD>     : Students
<OTHER>    : +
<OTHER>    : /
<OTHER>    : -
<WORD>     : People
<WORD>     : Meritocratic
<WORD>     : beliefs
<OTHER>    : ,
<WORD>     : motivated
<WORD>     : reasoning
<WORD>     : and
<WORD>     : goal
<WORD>     : dis
<OTHER>    : -
<OTHER>    : /
<WORD>     : engagement
<OTHER>    : +
<OTHER>    : /
<OTHER>    : -
<WORD>     : Persons
<WORD>     : Social
<WORD>     : Participation
<WORD>     : and
<WORD>     : Climate
<WORD>     : Change
<WORD>     : KonsortSWD
<WORD>     : Completed
<WORD>     : Research
<WORD>     : Programs
<WORD>     : Publications
<OTHER>    : +
<OTHER>    : /
<OTHER>    : -
<WORD>     : Discussion
<WORD>     : Papers
<WORD>     : WZB
<OTHER>    : -
<WORD>     : Mitteilungen
<WORD>     : WZBrief
<WORD>     : Arbeit
<WORD>     : WZBrief
<WORD>     : Bildung
<WORD>     : WZB
<WORD>     : Report
<WORD>     : Datenreport
<WORD>     : Databases
<WORD>     : Leviathan
<WORD>     : Events
<OTHER>    : +
<OTHER>    : /
<OTHER>    : -
<WORD>     : Event
<WORD>     : series
<OTHER>    : +
<OTHER>    : /
<OTHER>    : -
<WORD>     : Achtung
<OTHER>    : :
<WORD>     : Demokratie
<WORD>     : Wissenschaft
<WORD>     : trifft
<WORD>     : Politik
<WORD>     : Wissenschaft
<OTHER>    : ,
<WORD>     : nat
<WORD>     : rlich
<OTHER>    : !
<WORD>     : Distinguished
<WORD>     : Lectures
<WORD>     : in
<WORD>     : the
<WORD>     : Social
<WORD>     : Sciences
<WORD>     : Crisis
<WORD>     : of
<WORD>     : Capitalism
<WORD>     : Civil
<WORD>     : Society
<WORD>     : and
<WORD>     : Political
<WORD>     : Conflict
<WORD>     : Seminar
<WORD>     : series
<OTHER>    : +
<OTHER>    : /
<OTHER>    : -
<WORD>     : Soziologische
<WORD>     : Perspektiven
<WORD>     : auf
<WORD>     : die
<WORD>     : Corona
<OTHER>    : -
<WORD>     : Krise
<WORD>     : WZB
<WORD>     : Talks
<WORD>     : Democracy
<OTHER>    : –
<WORD>     : Past
<OTHER>    : ,
<WORD>     : Present
<OTHER>    : ,
<WORD>     : and
<WORD>     : Future
<WORD>     : Wunsch
<WORD>     : und
<WORD>     : Wirklichkeit
<WORD>     : deutscher
<WORD>     : Bildungspolitik
<WORD>     : Authoritarian
<WORD>     : Politics
<WORD>     : and
<WORD>     : International
<WORD>     : Relations
<WORD>     : CO
<OTHER>    : :
<WORD>     : STA
<OTHER>    : -
<WORD>     : Kolloquien
<WORD>     : Mailing
<WORD>     : list
<WORD>     : Archive
<WORD>     : Press
<OTHER>    : +
<OTHER>    : /
<OTHER>    : -
<WORD>     : Press
<WORD>     : releases
<WORD>     : Team
<WORD>     : Journalist
<WORD>     : in
<WORD>     : Residence
<WORD>     : Visual
<WORD>     : Society
<WORD>     : Program
<WORD>     : Newsletter
<WORD>     : WZB
<WORD>     : in
<WORD>     : the
<WORD>     : media
<WORD>     : Media
<WORD>     : center
<WORD>     : Mailing
<WORD>     : list
<WORD>     : Press
<WORD>     : photos
<WORD>     : Literature
<OTHER>    : &
<WORD>     : amp
<OTHER>    : ;
<WORD>     : Data
<OTHER>    : +
<OTHER>    : /
<OTHER>    : -
<WORD>     : Areas
<OTHER>    : +
<OTHER>    : /
<OTHER>    : -
<WORD>     : Archive
<WORD>     : Library
<WORD>     : Research
<WORD>     : Data
<WORD>     : Open
<WORD>     : Access
<WORD>     : Search
<OTHER>    : &
<WORD>     : amp
<OTHER>    : ;
<WORD>     : Find
<OTHER>    : +
<OTHER>    : /
<OTHER>    : -
<WORD>     : Catalog
<WORD>     : Databases
<WORD>     : Data
<WORD>     : sources
<WORD>     : E
<OTHER>    : -
<WORD>     : Journals
<WORD>     : Printed
<WORD>     : journals
<WORD>     : Link
<WORD>     : list
<WORD>     : About
<WORD>     : Us
<OTHER>    : +
<OTHER>    : /
<OTHER>    : -
<WORD>     : People
<WORD>     : Responsibilitie
<WORD>     : s
<WORD>     : Cooperation
<WORD>     : The
<WORD>     : library
<WORD>     : tower
<WORD>     : FAMS
<WORD>     : training
<WORD>     : program
<OTHER>    : +
<OTHER>    : /
<OTHER>    : -
<WORD>     : The
<WORD>     : WZB
<WORD>     : Management
<WORD>     : President
<WORD>     : Managing
<WORD>     : Director
<WORD>     : Organization
<WORD>     : Boards
<WORD>     : Service
<WORD>     : and
<WORD>     : Administration
<WORD>     : Find
<WORD>     : People
<WORD>     : Working
<WORD>     : at
<WORD>     : the
<WORD>     : WZB
<WORD>     : Personnel
<WORD>     : Development
<WORD>     : Berufsausbildun
<WORD>     : g
<WORD>     : HR
<WORD>     : Excellence
<WORD>     : in
<WORD>     : Research
<WORD>     : Equal
<WORD>     : Opportunities
<WORD>     : and
<WORD>     : Work
<OTHER>    : -
<WORD>     : Life
<WORD>     : Balance
<WORD>     : at
<WORD>     : the
<WORD>     : WZB
<WORD>     : Job
<WORD>     : opportunities
<WORD>     : Cooperation
<WORD>     : International
<WORD>     : Affairs
<WORD>     : WZB
<OTHER>    : -
<WORD>     : Fellows
<WORD>     : Honorary
<WORD>     : Fellows
<WORD>     : K
<OTHER>    : .
<WORD>     : W
<OTHER>    : .
<WORD>     : Deutsch
<WORD>     : Professorship
<WORD>     : Friends
<WORD>     : A
<OTHER>    : .
<WORD>     : SK
<WORD>     : Award
<WORD>     : Prize
<WORD>     : Recipients
<WORD>     : Fellowship
<WORD>     : The
<WORD>     : Founders
<WORD>     : Selection
<WORD>     : Committee
<WORD>     : Geschichte
<WORD>     : des
<WORD>     : WZB
<WORD>     : Alumni
<WORD>     : Research
<WORD>     : Dynamics
<WORD>     : of
<WORD>     : Social
<WORD>     : Inequalities
<WORD>     : Skill
<WORD>     : Formation
<WORD>     : and
<WORD>     : Labor
<WORD>     : Markets
<WORD>     : Educational
<WORD>     : Panel
<WORD>     : Work
<WORD>     : and
<WORD>     : Care
<WORD>     : Effort
<WORD>     : and
<WORD>     : Social
<WORD>     : Inequality
<WORD>     : Health
<WORD>     : and
<WORD>     : Social
<WORD>     : Inequality
<WORD>     : Inequality
<WORD>     : and
<WORD>     : Social
<WORD>     : Policy
<WORD>     : Markets
<WORD>     : and
<WORD>     : Choice
<WORD>     : Market
<WORD>     : Behavior
<WORD>     : Economics
<WORD>     : of
<WORD>     : Change
<WORD>     : Intergeneration
<WORD>     : al
<WORD>     : Social
<WORD>     : Learning
<WORD>     : Ethics
<WORD>     : and
<WORD>     : Behavioral
<WORD>     : Economics
<WORD>     : Collective
<WORD>     : Decision
<WORD>     : Making
<WORD>     : INSIGHTS
<WORD>     : Digitalization
<WORD>     : and
<WORD>     : Societal
<WORD>     : Transformation
<WORD>     : Globalization
<OTHER>    : ,
<WORD>     : Work
<OTHER>    : ,
<WORD>     : and
<WORD>     : Production
<WORD>     : Politics
<WORD>     : of
<WORD>     : Digitalization
<WORD>     : Digital
<WORD>     : Mobility
<WORD>     : International
<WORD>     : Politics
<WORD>     : and
<WORD>     : Law
<WORD>     : Global
<WORD>     : Governance
<WORD>     : Global
<WORD>     : Public
<WORD>     : Law
<WORD>     : Global
<WORD>     : Politics
<WORD>     : Political
<WORD>     : Theory
<WORD>     : Governance
<WORD>     : for
<WORD>     : Global
<WORD>     : Health
<WORD>     : Global
<WORD>     : Humanitarian
<WORD>     : Medicine
<WORD>     : Theory
<OTHER>    : ,
<WORD>     : History
<WORD>     : and
<WORD>     : Future
<WORD>     : of
<WORD>     : Democracy
<WORD>     : Dynamics
<WORD>     : of
<WORD>     : Political
<WORD>     : Systems
<WORD>     : Transformations
<WORD>     : of
<WORD>     : Democracy
<WORD>     : Democracy
<WORD>     : and
<WORD>     : Democratization
<WORD>     : Migration
<WORD>     : and
<WORD>     : Diversity
<WORD>     : Migration
<OTHER>    : ,
<WORD>     : Integration
<OTHER>    : ,
<WORD>     : Transnationaliz
<WORD>     : ation
<WORD>     : International
<WORD>     : Citizenship
<WORD>     : Law
<WORD>     : President
<OTHER>    : &
<OTHER>    : #
<NUMBER>   : 039
<OTHER>    : ;
<WORD>     : s
<WORD>     : Research
<WORD>     : Group
<WORD>     : Research
<WORD>     : Group
<WORD>     : Political
<WORD>     : Economy
<WORD>     : of
<WORD>     : Development
<WORD>     : Institutions
<WORD>     : and
<WORD>     : Political
<WORD>     : Inequality
<WORD>     : Political
<WORD>     : Inequality
<WORD>     : and
<WORD>     : South
<OTHER>    : -
<WORD>     : South
<WORD>     : Migration
<WORD>     : Trans
<OTHER>    : -
<WORD>     : sectoral
<WORD>     : Research
<WORD>     : Center
<WORD>     : for
<WORD>     : Global
<WORD>     : Constitutionali
<WORD>     : sm
<WORD>     : Against
<WORD>     : Elites
<OTHER>    : ,
<WORD>     : Against
<WORD>     : Outsiders
<WORD>     : Doctoral
<WORD>     : Program
<WORD>     : Good
<WORD>     : Work
<WORD>     : Center
<WORD>     : for
<WORD>     : Civil
<WORD>     : Society
<WORD>     : Research
<WORD>     : Experimenting
<WORD>     : with
<WORD>     : Causality
<WORD>     : School
<OTHER>    : -
<WORD>     : to
<OTHER>    : -
<WORD>     : Work
<WORD>     : Transition
<WORD>     : of
<WORD>     : SEN
<WORD>     : Students
<WORD>     : Meritocratic
<WORD>     : beliefs
<OTHER>    : ,
<WORD>     : motivated
<WORD>     : reasoning
<WORD>     : and
<WORD>     : goal
<WORD>     : dis
<OTHER>    : -
<OTHER>    : /
<WORD>     : engagement
<WORD>     : Social
<WORD>     : Participation
<WORD>     : and
<WORD>     : Climate
<WORD>     : Change
<WORD>     : KonsortSWD
<WORD>     : Completed
<WORD>     : Research
<WORD>     : Programs
<WORD>     : Publications
<WORD>     : Discussion
<WORD>     : Papers
<WORD>     : WZB
<OTHER>    : -
<WORD>     : Mitteilungen
<WORD>     : WZBrief
<WORD>     : Arbeit
<WORD>     : WZBrief
<WORD>     : Bildung
<WORD>     : WZB
<WORD>     : Report
<WORD>     : Datenreport
<WORD>     : Databases
<WORD>     : Leviathan
<WORD>     : Events
<WORD>     : Event
<WORD>     : series
<WORD>     : Achtung
<OTHER>    : :
<WORD>     : Demokratie
<WORD>     : Wissenschaft
<WORD>     : trifft
<WORD>     : Politik
<WORD>     : Wissenschaft
<OTHER>    : ,
<WORD>     : nat
<WORD>     : rlich
<OTHER>    : !
<WORD>     : Distinguished
<WORD>     : Lectures
<WORD>     : in
<WORD>     : the
<WORD>     : Social
<WORD>     : Sciences
<WORD>     : Crisis
<WORD>     : of
<WORD>     : Capitalism
<WORD>     : Civil
<WORD>     : Society
<WORD>     : and
<WORD>     : Political
<WORD>     : Conflict
<WORD>     : Seminar
<WORD>     : series
<WORD>     : Soziologische
<WORD>     : Perspektiven
<WORD>     : auf
<WORD>     : die
<WORD>     : Corona
<OTHER>    : -
<WORD>     : Krise
<WORD>     : WZB
<WORD>     : Talks
<WORD>     : Democracy
<OTHER>    : –
<WORD>     : Past
<OTHER>    : ,
<WORD>     : Present
<OTHER>    : ,
<WORD>     : and
<WORD>     : Future
<WORD>     : Wunsch
<WORD>     : und
<WORD>     : Wirklichkeit
<WORD>     : deutscher
<WORD>     : Bildungspolitik
<WORD>     : Authoritarian
<WORD>     : Politics
<WORD>     : and
<WORD>     : International
<WORD>     : Relations
<WORD>     : CO
<OTHER>    : :
<WORD>     : STA
<OTHER>    : -
<WORD>     : Kolloquien
<WORD>     : Mailing
<WORD>     : list
<WORD>     : Archive
<WORD>     : Press
<WORD>     : Press
<WORD>     : releases
<WORD>     : Team
<WORD>     : Journalist
<WORD>     : in
<WORD>     : Residence
<WORD>     : Visual
<WORD>     : Society
<WORD>     : Program
<WORD>     : Newsletter
<WORD>     : WZB
<WORD>     : in
<WORD>     : the
<WORD>     : media
<WORD>     : Media
<WORD>     : center
<WORD>     : Mailing
<WORD>     : list
<WORD>     : Press
<WORD>     : photos
<WORD>     : Literature
<OTHER>    : &
<WORD>     : amp
<OTHER>    : ;
<WORD>     : Data
<WORD>     : Areas
<WORD>     : Archive
<WORD>     : Library
<WORD>     : Research
<WORD>     : Data
<WORD>     : Open
<WORD>     : Access
<WORD>     : Search
<OTHER>    : &
<WORD>     : amp
<OTHER>    : ;
<WORD>     : Find
<WORD>     : Catalog
<WORD>     : Databases
<WORD>     : Data
<WORD>     : sources
<WORD>     : E
<OTHER>    : -
<WORD>     : Journals
<WORD>     : Printed
<WORD>     : journals
<WORD>     : Link
<WORD>     : list
<WORD>     : About
<WORD>     : Us
<WORD>     : People
<WORD>     : Responsibilitie
<WORD>     : s
<WORD>     : Cooperation
<WORD>     : The
<WORD>     : library
<WORD>     : tower
<WORD>     : FAMS
<WORD>     : training
<WORD>     : program
<OTHER>    : +
<OTHER>    : /
<OTHER>    : -
<WORD>     : The
<WORD>     : WZB
<WORD>     : Management
<WORD>     : President
<WORD>     : Managing
<WORD>     : Director
<WORD>     : Organization
<WORD>     : Boards
<WORD>     : Service
<WORD>     : and
<WORD>     : Administration
<WORD>     : Find
<WORD>     : People
<WORD>     : Working
<WORD>     : at
<WORD>     : the
<WORD>     : WZB
<WORD>     : Personnel
<WORD>     : Development
<WORD>     : Berufsausbildun
<WORD>     : g
<WORD>     : HR
<WORD>     : Excellence
<WORD>     : in
<WORD>     : Research
<WORD>     : Equal
<WORD>     : Opportunities
<WORD>     : and
<WORD>     : Work
<OTHER>    : -
<WORD>     : Life
<WORD>     : Balance
<WORD>     : at
<WORD>     : the
<WORD>     : WZB
<WORD>     : Job
<WORD>     : opportunities
<WORD>     : Cooperation
<WORD>     : International
<WORD>     : Affairs
<WORD>     : WZB
<OTHER>    : -
<WORD>     : Fellows
<WORD>     : Honorary
<WORD>     : Fellows
<WORD>     : K
<OTHER>    : .
<WORD>     : W
<OTHER>    : .
<WORD>     : Deutsch
<WORD>     : Professorship
<WORD>     : Friends
<WORD>     : A
<OTHER>    : .
<WORD>     : SK
<WORD>     : Award
<WORD>     : Prize
<WORD>     : Recipients
<WORD>     : Fellowship
<WORD>     : The
<WORD>     : Founders
<WORD>     : Selection
<WORD>     : Committee
<WORD>     : Geschichte
<WORD>     : des
<WORD>     : WZB
<WORD>     : Alumni
<WORD>     : Research
<WORD>     : Dynamics
<WORD>     : of
<WORD>     : Social
<WORD>     : Inequalities
<WORD>     : Skill
<WORD>     : Formation
<WORD>     : and
<WORD>     : Labor
<WORD>     : Markets
<WORD>     : Educational
<WORD>     : Panel
<WORD>     : Work
<WORD>     : and
<WORD>     : Care
<WORD>     : Effort
<WORD>     : and
<WORD>     : Social
<WORD>     : Inequality
<WORD>     : Health
<WORD>     : and
<WORD>     : Social
<WORD>     : Inequality
<WORD>     : Inequality
<WORD>     : and
<WORD>     : Social
<WORD>     : Policy
<WORD>     : Markets
<WORD>     : and
<WORD>     : Choice
<WORD>     : Market
<WORD>     : Behavior
<WORD>     : Economics
<WORD>     : of
<WORD>     : Change
<WORD>     : Intergeneration
<WORD>     : al
<WORD>     : Social
<WORD>     : Learning
<WORD>     : Ethics
<WORD>     : and
<WORD>     : Behavioral
<WORD>     : Economics
<WORD>     : Collective
<WORD>     : Decision
<WORD>     : Making
<WORD>     : INSIGHTS
<WORD>     : Digitalization
<WORD>     : and
<WORD>     : Societal
<WORD>     : Transformation
<WORD>     : Globalization
<OTHER>    : ,
<WORD>     : Work
<OTHER>    : ,
<WORD>     : and
<WORD>     : Production
<WORD>     : Politics
<WORD>     : of
<WORD>     : Digitalization
<WORD>     : Digital
<WORD>     : Mobility
<WORD>     : International
<WORD>     : Politics
<WORD>     : and
<WORD>     : Law
<WORD>     : Global
<WORD>     : Governance
<WORD>     : Global
<WORD>     : Public
<WORD>     : Law
<WORD>     : Global
<WORD>     : Politics
<WORD>     : Political
<WORD>     : Theory
<WORD>     : Governance
<WORD>     : for
<WORD>     : Global
<WORD>     : Health
<WORD>     : Global
<WORD>     : Humanitarian
<WORD>     : Medicine
<WORD>     : Theory
<OTHER>    : ,
<WORD>     : History
<WORD>     : and
<WORD>     : Future
<WORD>     : of
<WORD>     : Democracy
<WORD>     : Dynamics
<WORD>     : of
<WORD>     : Political
<WORD>     : Systems
<WORD>     : Transformations
<WORD>     : of
<WORD>     : Democracy
<WORD>     : Democracy
<WORD>     : and
<WORD>     : Democratization
<WORD>     : Migration
<WORD>     : and
<WORD>     : Diversity
<WORD>     : Migration
<OTHER>    : ,
<WORD>     : Integration
<OTHER>    : ,
<WORD>     : Transnationaliz
<WORD>     : ation
<WORD>     : International
<WORD>     : Citizenship
<WORD>     : Law
<WORD>     : President
<OTHER>    : &
<OTHER>    : #
<NUMBER>   : 039
<OTHER>    : ;
<WORD>     : s
<WORD>     : Research
<WORD>     : Group
<WORD>     : Research
<WORD>     : Group
<WORD>     : Political
<WORD>     : Economy
<WORD>     : of
<WORD>     : Development
<WORD>     : Institutions
<WORD>     : and
<WORD>     : Political
<WORD>     : Inequality
<WORD>     : Political
<WORD>     : Inequality
<WORD>     : and
<WORD>     : South
<OTHER>    : -
<WORD>     : South
<WORD>     : Migration
<WORD>     : Trans
<OTHER>    : -
<WORD>     : sectoral
<WORD>     : Research
<WORD>     : Center
<WORD>     : for
<WORD>     : Global
<WORD>     : Constitutionali
<WORD>     : sm
<WORD>     : Against
<WORD>     : Elites
<OTHER>    : ,
<WORD>     : Against
<WORD>     : Outsiders
<WORD>     : Doctoral
<WORD>     : Program
<WORD>     : Good
<WORD>     : Work
<WORD>     : Center
<WORD>     : for
<WORD>     : Civil
<WORD>     : Society
<WORD>     : Research
<WORD>     : Experimenting
<WORD>     : with
<WORD>     : Causality
<WORD>     : School
<OTHER>    : -
<WORD>     : to
<OTHER>    : -
<WORD>     : Work
<WORD>     : Transition
<WORD>     : of
<WORD>     : SEN
<WORD>     : Students
<WORD>     : Meritocratic
<WORD>     : beliefs
<OTHER>    : ,
<WORD>     : motivated
<WORD>     : reasoning
<WORD>     : and
<WORD>     : goal
<WORD>     : dis
<OTHER>    : -
<OTHER>    : /
<WORD>     : engagement
<WORD>     : Social
<WORD>     : Participation
<WORD>     : and
<WORD>     : Climate
<WORD>     : Change
<WORD>     : KonsortSWD
<WORD>     : Completed
<WORD>     : Research
<WORD>     : Programs
<WORD>     : Publications
<WORD>     : Discussion
<WORD>     : Papers
<WORD>     : WZB
<OTHER>    : -
<WORD>     : Mitteilungen
<WORD>     : WZBrief
<WORD>     : Arbeit
<WORD>     : WZBrief
<WORD>     : Bildung
<WORD>     : WZB
<WORD>     : Report
<WORD>     : Datenreport
<WORD>     : Databases
<WORD>     : Leviathan
<WORD>     : Events
<WORD>     : Event
<WORD>     : series
<WORD>     : Achtung
<OTHER>    : :
<WORD>     : Demokratie
<WORD>     : Wissenschaft
<WORD>     : trifft
<WORD>     : Politik
<WORD>     : Wissenschaft
<OTHER>    : ,
<WORD>     : nat
<WORD>     : rlich
<OTHER>    : !
<WORD>     : Distinguished
<WORD>     : Lectures
<WORD>     : in
<WORD>     : the
<WORD>     : Social
<WORD>     : Sciences
<WORD>     : Crisis
<WORD>     : of
<WORD>     : Capitalism
<WORD>     : Civil
<WORD>     : Society
<WORD>     : and
<WORD>     : Political
<WORD>     : Conflict
<WORD>     : Seminar
<WORD>     : series
<WORD>     : Soziologische
<WORD>     : Perspektiven
<WORD>     : auf
<WORD>     : die
<WORD>     : Corona
<OTHER>    : -
<WORD>     : Krise
<WORD>     : WZB
<WORD>     : Talks
<WORD>     : Democracy
<OTHER>    : –
<WORD>     : Past
<OTHER>    : ,
<WORD>     : Present
<OTHER>    : ,
<WORD>     : and
<WORD>     : Future
<WORD>     : Wunsch
<WORD>     : und
<WORD>     : Wirklichkeit
<WORD>     : deutscher
<WORD>     : Bildungspolitik
<WORD>     : Authoritarian
<WORD>     : Politics
<WORD>     : and
<WORD>     : International
<WORD>     : Relations
<WORD>     : CO
<OTHER>    : :
<WORD>     : STA
<OTHER>    : -
<WORD>     : Kolloquien
<WORD>     : Mailing
<WORD>     : list
<WORD>     : Archive
<WORD>     : Press
<WORD>     : Press
<WORD>     : releases
<WORD>     : Team
<WORD>     : Journalist
<WORD>     : in
<WORD>     : Residence
<WORD>     : Visual
<WORD>     : Society
<WORD>     : Program
<WORD>     : Newsletter
<WORD>     : WZB
<WORD>     : in
<WORD>     : the
<WORD>     : media
<WORD>     : Media
<WORD>     : center
<WORD>     : Mailing
<WORD>     : list
<WORD>     : Press
<WORD>     : photos
<WORD>     : Literature
<OTHER>    : &
<WORD>     : amp
<OTHER>    : ;
<WORD>     : Data
<WORD>     : Areas
<WORD>     : Archive
<WORD>     : Library
<WORD>     : Research
<WORD>     : Data
<WORD>     : Open
<WORD>     : Access
<WORD>     : Search
<OTHER>    : &
<WORD>     : amp
<OTHER>    : ;
<WORD>     : Find
<WORD>     : Catalog
<WORD>     : Databases
<WORD>     : Data
<WORD>     : sources
<WORD>     : E
<OTHER>    : -
<WORD>     : Journals
<WORD>     : Printed
<WORD>     : journals
<WORD>     : Link
<WORD>     : list
<WORD>     : About
<WORD>     : Us
<WORD>     : People
<WORD>     : Responsibilitie
<WORD>     : s
<WORD>     : Cooperation
<WORD>     : The
<WORD>     : library
<WORD>     : tower
<WORD>     : FAMS
<WORD>     : training
<WORD>     : program
<WORD>     : Home
<WORD>     : Literature
<OTHER>    : &
<WORD>     : amp
<OTHER>    : ;
<WORD>     : Data
<WORD>     : Search
<OTHER>    : &
<WORD>     : amp
<OTHER>    : ;
<WORD>     : Find
<WORD>     : Databases
<WORD>     : Databases
<WORD>     : Here
<WORD>     : you
<WORD>     : can
<WORD>     : find
<WORD>     : databases
<WORD>     : licensed
<WORD>     : for
<WORD>     : the
<WORD>     : WZB
<WORD>     : and
<WORD>     : other
<WORD>     : electronic
<WORD>     : ressouces
<OTHER>    : .
<WORD>     : For
<WORD>     : information
<WORD>     : on
<WORD>     : WZB
<WORD>     : licensed
<WORD>     : and
<WORD>     : freely
<WORD>     : accessible
<WORD>     : databases
<WORD>     : please
<WORD>     : visit
<WORD>     : DBIS
<OTHER>    : ,
<WORD>     : the
<OTHER>    : "
<WORD>     : Database
<WORD>     : Information
<WORD>     : System
<OTHER>    : "
<WORD>     : of
<WORD>     : the
<WORD>     : University
<WORD>     : Library
<WORD>     : of
<WORD>     : Regensburg
<OTHER>    : .
<WORD>     : Information
<WORD>     : on
<WORD>     : DBIS
<WORD>     : holdings
<WORD>     : in
<WORD>     : general
<WORD>     : can
<WORD>     : be
<WORD>     : found
<WORD>     : here
<OTHER>    : .
<OTHER>    : (
<WORD>     : german
<WORD>     : only
<OTHER>    : )
<NUMBER>   : 3
<WORD>     : databases
<WORD>     : found
<OTHER>    : .
<NUMBER>   : 0
<OTHER>    : -
<NUMBER>   : 9
<WORD>     : A
<WORD>     : B
<WORD>     : C
<WORD>     : D
<WORD>     : E
<WORD>     : F
<WORD>     : G
<WORD>     : H
<WORD>     : I
<WORD>     : J
<WORD>     : K
<WORD>     : L
<WORD>     : M
<WORD>     : N
<WORD>     : O
<WORD>     : P
<WORD>     : Q
<WORD>     : R
<WORD>     : S
<WORD>     : T
<WORD>     : U
<WORD>     : V
<WORD>     : W
<WORD>     : X
<WORD>     : Y
<WORD>     : Z
<WORD>     : Fulltext
<WORD>     : database
<OTHER>    : ,
<WORD>     : Article
<WORD>     : database
<WORD>     : Oxford
<WORD>     : journals
<WORD>     : Access
<OTHER>    : :
<WORD>     : Journals
<WORD>     : in
<WORD>     : database
<WORD>     : Annotation
<OTHER>    : :
<WORD>     : German
<OTHER>    : -
<WORD>     : wide
<WORD>     : access
<WORD>     : provided
<WORD>     : by
<WORD>     : the
<WORD>     : DFG
<WORD>     : Research
<WORD>     : area
<OTHER>    : :
<WORD>     : General
<OTHER>    : /
<WORD>     : Interdisciplina
<WORD>     : ry
<OTHER>    : ,
<WORD>     : Educational
<WORD>     : Research
<OTHER>    : ,
<WORD>     : Ethnology
<OTHER>    : ,
<WORD>     : Geography
<OTHER>    : ,
<WORD>     : History
<OTHER>    : ,
<WORD>     : Art
<OTHER>    : ,
<WORD>     : Mathematics
<OTHER>    : /
<WORD>     : Computer
<WORD>     : Science
<OTHER>    : ,
<WORD>     : Medicine
<OTHER>    : /
<WORD>     : Healthcare
<OTHER>    : ,
<WORD>     : Natural
<WORD>     : Sciences
<OTHER>    : /
<WORD>     : Technology
<OTHER>    : ,
<WORD>     : Philosophy
<OTHER>    : ,
<WORD>     : Political
<WORD>     : Science
<OTHER>    : ,
<WORD>     : Psychology
<OTHER>    : ,
<WORD>     : Law
<OTHER>    : ,
<WORD>     : Religion
<OTHER>    : ,
<WORD>     : Sociology
<OTHER>    : ,
<WORD>     : Linguistics
<WORD>     : and
<WORD>     : Literature
<WORD>     : Science
<OTHER>    : ,
<WORD>     : Economics
<WORD>     : Language
<OTHER>    : :
<WORD>     : English
<WORD>     : Period
<OTHER>    : :
<NUMBER>   : 1849
<OTHER>    : -
<NUMBER>   : 2017
<WORD>     : Oxford
<WORD>     : Journals
<WORD>     : belongs
<WORD>     : to
<WORD>     : Oxford
<WORD>     : University
<WORD>     : Press
<OTHER>    : ,
<WORD>     : the
<WORD>     : world
<OTHER>    : &
<OTHER>    : #
<NUMBER>   : 039
<OTHER>    : ;
<WORD>     : s
<WORD>     : largest
<WORD>     : university
<WORD>     : publisher
<OTHER>    : .
<WORD>     : The
<WORD>     : site
<WORD>     : encompasses
<NUMBER>   : 324
<WORD>     : titles
<OTHER>    : .
<WORD>     : Database
<OTHER>    : ,
<WORD>     : Article
<WORD>     : database
<OTHER>    : ,
<WORD>     : Portal
<WORD>     : Web
<WORD>     : of
<WORD>     : science
<WORD>     : Research
<WORD>     : area
<OTHER>    : :
<WORD>     : General
<OTHER>    : /
<WORD>     : Interdisciplina
<WORD>     : ry
<OTHER>    : ,
<WORD>     : Sociology
<OTHER>    : ,
<WORD>     : Political
<WORD>     : Science
<OTHER>    : ,
<WORD>     : Linguistics
<WORD>     : and
<WORD>     : Literature
<WORD>     : Science
<OTHER>    : ,
<WORD>     : Educational
<WORD>     : Research
<OTHER>    : ,
<WORD>     : History
<OTHER>    : ,
<WORD>     : Art
<OTHER>    : ,
<WORD>     : Mathematics
<OTHER>    : /
<WORD>     : Computer
<WORD>     : Science
<OTHER>    : ,
<WORD>     : Philosophy
<OTHER>    : ,
<WORD>     : Law
<OTHER>    : ,
<WORD>     : Economics
<OTHER>    : ,
<WORD>     : Natural
<WORD>     : Sciences
<OTHER>    : /
<WORD>     : Technology
<OTHER>    : ,
<WORD>     : Ethnology
<OTHER>    : ,
<WORD>     : Science
<OTHER>    : ,
<WORD>     : Geography
<OTHER>    : ,
<WORD>     : Medicine
<OTHER>    : /
<WORD>     : Healthcare
<OTHER>    : ,
<WORD>     : Psychology
<WORD>     : Period
<OTHER>    : :
<NUMBER>   : 1972
<OTHER>    : -
<WORD>     : Web
<WORD>     : of
<WORD>     : Science
<OTHER>    : (
<WORD>     : WoS
<OTHER>    : )
<WORD>     : is
<WORD>     : an
<WORD>     : extensive
<OTHER>    : ,
<WORD>     : multidisciplina
<WORD>     : ry
<OTHER>    : ,
<WORD>     : bibliographical
<WORD>     : database
<WORD>     : with
<WORD>     : references
<WORD>     : to
<WORD>     : contributions
<WORD>     : in
<WORD>     : journals
<OTHER>    : ,
<WORD>     : books
<OTHER>    : ,
<WORD>     : proceedings
<OTHER>    : ,
<WORD>     : and
<WORD>     : other
<WORD>     : sources
<WORD>     : in
<WORD>     : the
<WORD>     : social
<WORD>     : sciences
<OTHER>    : ,
<WORD>     : the
<WORD>     : arts
<WORD>     : and
<WORD>     : humanities
<OTHER>    : ,
<WORD>     : natural
<WORD>     : science
<OTHER>    : ,
<WORD>     : and
<WORD>     : engineering
<OTHER>    : .
<WORD>     : The
<WORD>     : WZB
<WORD>     : has
<WORD>     : licensed
<WORD>     : the
<WORD>     : following
<WORD>     : ancillary
<WORD>     : data
<WORD>     : banks
<OTHER>    : :
<OTHER>    : -
<WORD>     : Science
<WORD>     : Citation
<WORD>     : Index
<WORD>     : Expanded
<OTHER>    : (
<NUMBER>   : 1995
<OTHER>    : -
<OTHER>    : )
<OTHER>    : -
<WORD>     : Social
<WORD>     : Sciences
<WORD>     : Citation
<WORD>     : Index
<OTHER>    : (
<WORD>     : includes
<WORD>     : approximately
<NUMBER>   : 4,500
<WORD>     : social
<WORD>     : science
<WORD>     : and
<WORD>     : economics
<WORD>     : journals
<WORD>     : from
<NUMBER>   : 55
<WORD>     : disciplines
<OTHER>    : ,
<WORD>     : such
<WORD>     : as
<WORD>     : psychology
<OTHER>    : ,
<WORD>     : sociology
<OTHER>    : ,
<WORD>     : and
<WORD>     : anthropology
<OTHER>    : ,
<NUMBER>   : 1972
<OTHER>    : -
<OTHER>    : )
<OTHER>    : -
<WORD>     : Arts
<OTHER>    : &
<WORD>     : amp
<OTHER>    : ;
<WORD>     : Humanities
<WORD>     : Citation
<WORD>     : Index
<OTHER>    : (
<WORD>     : with
<WORD>     : references
<WORD>     : to
<WORD>     : approximately
<NUMBER>   : 2,300
<WORD>     : journals
<WORD>     : in
<WORD>     : the
<WORD>     : arts
<WORD>     : and
<WORD>     : humanities
<OTHER>    : ,
<NUMBER>   : 1975
<OTHER>    : -
<OTHER>    : )
<OTHER>    : -
<WORD>     : Book
<WORD>     : Citation
<WORD>     : Index
<OTHER>    : (
<WORD>     : with
<WORD>     : books
<WORD>     : published
<OTHER>    : ,
<NUMBER>   : 2005
<OTHER>    : -
<OTHER>    : )
<OTHER>    : -
<WORD>     : Conference
<WORD>     : Proceedings
<WORD>     : Citation
<WORD>     : Index
<OTHER>    : -
<WORD>     : Science
<OTHER>    : (
<WORD>     : CPCI
<OTHER>    : -
<WORD>     : S
<OTHER>    : ,
<WORD>     : conferences
<OTHER>    : ,
<NUMBER>   : 1990
<OTHER>    : -
<OTHER>    : )
<OTHER>    : -
<WORD>     : Conference
<WORD>     : Proceedings
<WORD>     : Citation
<WORD>     : Index
<OTHER>    : -
<WORD>     : Social
<WORD>     : Science
<OTHER>    : &
<WORD>     : amp
<OTHER>    : ;
<WORD>     : Humanities
<OTHER>    : (
<WORD>     : CPCI
<OTHER>    : -
<WORD>     : SSH
<OTHER>    : ,
<WORD>     : conferences
<OTHER>    : ,
<NUMBER>   : 1990
<OTHER>    : -
<OTHER>    : )
<OTHER>    : -
<WORD>     : Current
<WORD>     : Contents
<WORD>     : Connect
<OTHER>    : (
<NUMBER>   : 1998
<OTHER>    : -
<OTHER>    : )
<OTHER>    : -
<WORD>     : Data
<WORD>     : Citation
<WORD>     : Index
<OTHER>    : (
<WORD>     : research
<WORD>     : data
<OTHER>    : ,
<NUMBER>   : 1900
<OTHER>    : -
<OTHER>    : )
<OTHER>    : -
<WORD>     : Derwent
<WORD>     : Innovations
<WORD>     : Index
<OTHER>    : (
<WORD>     : edited
<WORD>     : patents
<OTHER>    : ,
<NUMBER>   : 1963
<OTHER>    : -
<OTHER>    : )
<OTHER>    : -
<WORD>     : Zoological
<WORD>     : Records
<OTHER>    : (
<WORD>     : technical
<WORD>     : database
<OTHER>    : ,
<NUMBER>   : 1964
<OTHER>    : -
<OTHER>    : )
<OTHER>    : -
<WORD>     : Biosis
<WORD>     : Citation
<WORD>     : Index
<OTHER>    : (
<WORD>     : technical
<WORD>     : database
<OTHER>    : ,
<NUMBER>   : 1928
<OTHER>    : -
<OTHER>    : )
<OTHER>    : -
<WORD>     : Index
<WORD>     : Chemicus
<OTHER>    : (
<WORD>     : with
<WORD>     : search
<WORD>     : function
<WORD>     : for
<WORD>     : chemical
<WORD>     : structures
<OTHER>    : ,
<NUMBER>   : 1993
<OTHER>    : -
<OTHER>    : )
<OTHER>    : -
<WORD>     : Current
<WORD>     : Chemical
<WORD>     : Reactions
<OTHER>    : (
<WORD>     : technical
<WORD>     : database
<OTHER>    : ,
<NUMBER>   : 1985
<OTHER>    : -
<OTHER>    : )
<WORD>     : Another
<WORD>     : special
<WORD>     : feature
<WORD>     : of
<WORD>     : the
<WORD>     : WoS
<WORD>     : is
<WORD>     : that
<WORD>     : it
<WORD>     : lists
<WORD>     : each
<WORD>     : document
<OTHER>    : &
<OTHER>    : #
<NUMBER>   : 039
<OTHER>    : ;
<WORD>     : s
<WORD>     : sources
<OTHER>    : (
<WORD>     : cited
<WORD>     : references
<OTHER>    : )
<WORD>     : and
<WORD>     : gives
<WORD>     : their
<WORD>     : citation
<WORD>     : frequency
<OTHER>    : (
<WORD>     : times
<WORD>     : cited
<OTHER>    : )
<OTHER>    : .
<WORD>     : Fulltext
<WORD>     : database
<OTHER>    : ,
<WORD>     : Article
<WORD>     : database
<WORD>     : Wiley
<WORD>     : Zeitschriften
<OTHER>    : -
<WORD>     : DEAL
<WORD>     : Research
<WORD>     : area
<OTHER>    : :
<WORD>     : Sociology
<OTHER>    : ,
<WORD>     : Economics
<OTHER>    : ,
<WORD>     : Psychology
<OTHER>    : ,
<WORD>     : Ethnology
<OTHER>    : ,
<WORD>     : Geography
<OTHER>    : ,
<WORD>     : Philosophy
<OTHER>    : ,
<WORD>     : History
<OTHER>    : ,
<WORD>     : Educational
<WORD>     : Research
<OTHER>    : ,
<WORD>     : Art
<OTHER>    : ,
<WORD>     : Political
<WORD>     : Science
<OTHER>    : ,
<WORD>     : Religion
<OTHER>    : ,
<WORD>     : Linguistics
<WORD>     : and
<WORD>     : Literature
<WORD>     : Science
<OTHER>    : ,
<WORD>     : Mathematics
<OTHER>    : /
<WORD>     : Computer
<WORD>     : Science
<OTHER>    : ,
<WORD>     : Medicine
<OTHER>    : /
<WORD>     : Healthcare
<OTHER>    : ,
<WORD>     : General
<OTHER>    : /
<WORD>     : Interdisciplina
<WORD>     : ry
<WORD>     : Language
<OTHER>    : :
<WORD>     : English
<WORD>     : Online
<WORD>     : Wiley
<WORD>     : journals
<OTHER>    : .
<OTHER>    : &
<OTHER>    : "
<OTHER>    : +
<OTHER>    : "
<WORD>     : sp
<OTHER>    : =
<WORD>     : SAKFreitext
<OTHER>    : "
<OTHER>    : ;
<WORD>     : suche
<OTHER>    : =
<OTHER>    : '
<OTHER>    : +
<OTHER>    : '
<OTHER>    : +
<WORD>     : form
<OTHER>    : .
<WORD>     : edit
<OTHER>    : _
<WORD>     : search
<OTHER>    : _
<WORD>     : library
<OTHER>    : _
<WORD>     : catalog
<OTHER>    : .
<WORD>     : value
<OTHER>    : ;
<WORD>     : suche
<OTHER>    : =
<WORD>     : suche
<OTHER>    : .
<WORD>     : replace
<OTHER>    : (
<OTHER>    : /
<OTHER>    : /
<WORD>     : g
<OTHER>    : ,
<OTHER>    : "
<OTHER>    : +
<OTHER>    : "
<OTHER>    : )
<OTHER>    : ;
<WORD>     : suche
<OTHER>    : =
<WORD>     : suche
<OTHER>    : .
<WORD>     : replace
<OTHER>    : (
<OTHER>    : /
<OTHER>    : [
<OTHER>    : ]
<OTHER>    : /
<WORD>     : g
<OTHER>    : ,
<OTHER>    : "
<WORD>     : ae
<OTHER>    : "
<OTHER>    : )
<OTHER>    : ;
<WORD>     : suche
<OTHER>    : =
<WORD>     : suche
<OTHER>    : .
<WORD>     : replace
<OTHER>    : (
<OTHER>    : /
<OTHER>    : [
<OTHER>    : ]
<OTHER>    : /
<WORD>     : g
<OTHER>    : ,
<OTHER>    : "
<WORD>     : oe
<OTHER>    : "
<OTHER>    : )
<OTHER>    : ;
<WORD>     : suche
<OTHER>    : =
<WORD>     : suche
<OTHER>    : .
<WORD>     : replace
<OTHER>    : (
<OTHER>    : /
<OTHER>    : [
<OTHER>    : ]
<OTHER>    : /
<WORD>     : g
<OTHER>    : ,
<OTHER>    : "
<WORD>     : ue
<OTHER>    : "
<OTHER>    : )
<OTHER>    : ;
<WORD>     : suche
<OTHER>    : =
<WORD>     : suche
<OTHER>    : .
<WORD>     : replace
<OTHER>    : (
<OTHER>    : /
<OTHER>    : [
<OTHER>    : ]
<OTHER>    : /
<WORD>     : g
<OTHER>    : ,
<OTHER>    : "
<WORD>     : ss
<OTHER>    : "
<OTHER>    : )
<OTHER>    : ;
<OTHER>    : /
<OTHER>    : /
<WORD>     : alert
<OTHER>    : (
<OTHER>    : \
<OTHER>    : '
<WORD>     : suche
<OTHER>    : [
<OTHER>    : \
<OTHER>    : '
<OTHER>    : +
<WORD>     : suche
<OTHER>    : +
<OTHER>    : \
<OTHER>    : '
<OTHER>    : ]
<OTHER>    : \
<OTHER>    : '
<OTHER>    : )
<OTHER>    : ;
<WORD>     : url
<OTHER>    : =
<WORD>     : url
<OTHER>    : +
<WORD>     : suche
<OTHER>    : ;
<OTHER>    : /
<OTHER>    : /
<WORD>     : alert
<OTHER>    : (
<OTHER>    : \
<OTHER>    : '
<WORD>     : url
<OTHER>    : [
<OTHER>    : \
<OTHER>    : '
<OTHER>    : +
<WORD>     : url
<OTHER>    : +
<OTHER>    : \
<OTHER>    : '
<OTHER>    : ]
<OTHER>    : \
<OTHER>    : '
<OTHER>    : )
<OTHER>    : ;
<OTHER>    : /
<OTHER>    : /
<WORD>     : fenster
<WORD>     : oeffnen
<OTHER>    : +
<WORD>     : focus
<WORD>     : ebenso
<WORD>     : in
<OTHER>    : /
<WORD>     : wzb
<OTHER>    : _
<WORD>     : library
<OTHER>    : /
<WORD>     : templates
<OTHER>    : /
<WORD>     : wzb
<OTHER>    : -
<WORD>     : library
<OTHER>    : -
<WORD>     : search
<OTHER>    : -
<DOMAIN>   : opac.html.twig
<OTHER>    : ,
<WORD>     : function
<WORD>     : opac
<OTHER>    : _
<WORD>     : suche
<OTHER>    : (
<OTHER>    : )
<WORD>     : var
<WORD>     : wzbKatalogWindo
<WORD>     : w
<OTHER>    : =
<WORD>     : window
<OTHER>    : .
<WORD>     : open
<OTHER>    : (
<WORD>     : url
<OTHER>    : ,
<OTHER>    : '
<WORD>     : wzb
<OTHER>    : _
<WORD>     : katalog
<OTHER>    : '
<OTHER>    : ,
<OTHER>    : '
<WORD>     : resizable
<OTHER>    : =
<WORD>     : yes
<OTHER>    : ,
<WORD>     : status
<OTHER>    : =
<WORD>     : yes
<OTHER>    : ,
<WORD>     : hotkeys
<OTHER>    : =
<WORD>     : no
<OTHER>    : ,
<WORD>     : location
<OTHER>    : =
<WORD>     : yes
<OTHER>    : ,
<WORD>     : toolbar
<OTHER>    : =
<WORD>     : no
<OTHER>    : ,
<WORD>     : menubar
<OTHER>    : =
<WORD>     : no
<OTHER>    : ,
<WORD>     : fullscreen
<OTHER>    : =
<WORD>     : no
<OTHER>    : ,
<WORD>     : scrollbars
<OTHER>    : =
<WORD>     : yes
<OTHER>    : ,
<WORD>     : dependent
<OTHER>    : =
<WORD>     : no
<OTHER>    : ,
<WORD>     : width
<OTHER>    : =
<NUMBER>   : 1450
<OTHER>    : ,
<WORD>     : left
<OTHER>    : =
<NUMBER>   : 40
<OTHER>    : ,
<WORD>     : height
<OTHER>    : =
<NUMBER>   : 850
<OTHER>    : ,
<WORD>     : top
<OTHER>    : =
<NUMBER>   : 40
<OTHER>    : '
<OTHER>    : )
<OTHER>    : ;
<WORD>     : wzbKatalogWindo
<WORD>     : w
<OTHER>    : .
<WORD>     : focus
<OTHER>    : (
<OTHER>    : )
<OTHER>    : ;
<OTHER>    : }
<WORD>     : Search
<WORD>     : in
<WORD>     : catalog
<WORD>     : Search
<WORD>     : in
<WORD>     : catalog
<WORD>     : Search
<WORD>     : for
<WORD>     : E
<OTHER>    : -
<WORD>     : Journals
<WORD>     : Search
<WORD>     : for
<WORD>     : E
<OTHER>    : -
<WORD>     : Journals
<WORD>     : Filter
<WORD>     : by
<WORD>     : research
<WORD>     : area
<OTHER>    : (
<OTHER>    : -
<OTHER>    : )
<WORD>     : Remove
<WORD>     : Art
<WORD>     : filter
<WORD>     : Art
<OTHER>    : (
<OTHER>    : -
<OTHER>    : )
<WORD>     : Remove
<WORD>     : Economics
<WORD>     : filter
<WORD>     : Economics
<OTHER>    : (
<OTHER>    : -
<OTHER>    : )
<WORD>     : Remove
<WORD>     : Geography
<WORD>     : filter
<WORD>     : Geography
<OTHER>    : (
<OTHER>    : -
<OTHER>    : )
<WORD>     : Remove
<WORD>     : Mathematics
<OTHER>    : /
<WORD>     : Computer
<WORD>     : Science
<WORD>     : filter
<WORD>     : Mathematics
<OTHER>    : /
<WORD>     : Computer
<WORD>     : Science
<OTHER>    : (
<OTHER>    : -
<OTHER>    : )
<WORD>     : Remove
<WORD>     : Medicine
<OTHER>    : /
<WORD>     : Healthcare
<WORD>     : filter
<WORD>     : Medicine
<OTHER>    : /
<WORD>     : Healthcare
<OTHER>    : (
<OTHER>    : -
<OTHER>    : )
<WORD>     : Remove
<WORD>     : Philosophy
<WORD>     : filter
<WORD>     : Philosophy
<WORD>     : Educational
<WORD>     : Research
<OTHER>    : (
<NUMBER>   : 3
<OTHER>    : )
<WORD>     : Apply
<WORD>     : Educational
<WORD>     : Research
<WORD>     : filter
<WORD>     : Ethnology
<OTHER>    : (
<NUMBER>   : 3
<OTHER>    : )
<WORD>     : Apply
<WORD>     : Ethnology
<WORD>     : filter
<WORD>     : General
<OTHER>    : /
<WORD>     : Interdisciplina
<WORD>     : ry
<OTHER>    : (
<NUMBER>   : 3
<OTHER>    : )
<WORD>     : Apply
<WORD>     : General
<OTHER>    : /
<WORD>     : Interdisciplina
<WORD>     : ry
<WORD>     : filter
<WORD>     : History
<OTHER>    : (
<NUMBER>   : 3
<OTHER>    : )
<WORD>     : Apply
<WORD>     : History
<WORD>     : filter
<WORD>     : Linguistics
<WORD>     : and
<WORD>     : Literature
<WORD>     : Science
<OTHER>    : (
<NUMBER>   : 3
<OTHER>    : )
<WORD>     : Apply
<WORD>     : Linguistics
<WORD>     : and
<WORD>     : Literature
<WORD>     : Science
<WORD>     : filter
<WORD>     : Political
<WORD>     : Science
<OTHER>    : (
<NUMBER>   : 3
<OTHER>    : )
<WORD>     : Apply
<WORD>     : Political
<WORD>     : Science
<WORD>     : filter
<WORD>     : Psychology
<OTHER>    : (
<NUMBER>   : 3
<OTHER>    : )
<WORD>     : Apply
<WORD>     : Psychology
<WORD>     : filter
<WORD>     : Sociology
<OTHER>    : (
<NUMBER>   : 3
<OTHER>    : )
<WORD>     : Apply
<WORD>     : Sociology
<WORD>     : filter
<WORD>     : Law
<OTHER>    : (
<NUMBER>   : 2
<OTHER>    : )
<WORD>     : Apply
<WORD>     : Law
<WORD>     : filter
<WORD>     : Natural
<WORD>     : Sciences
<OTHER>    : /
<WORD>     : Technology
<OTHER>    : (
<NUMBER>   : 2
<OTHER>    : )
<WORD>     : Apply
<WORD>     : Natural
<WORD>     : Sciences
<OTHER>    : /
<WORD>     : Technology
<WORD>     : filter
<WORD>     : Religion
<OTHER>    : (
<NUMBER>   : 2
<OTHER>    : )
<WORD>     : Apply
<WORD>     : Religion
<WORD>     : filter
<WORD>     : Science
<OTHER>    : (
<NUMBER>   : 1
<OTHER>    : )
<WORD>     : Apply
<WORD>     : Science
<WORD>     : filter
<WORD>     : Filter
<WORD>     : by
<WORD>     : Content
<WORD>     : Article
<WORD>     : database
<OTHER>    : (
<NUMBER>   : 3
<OTHER>    : )
<WORD>     : Apply
<WORD>     : Article
<WORD>     : database
<WORD>     : filter
<WORD>     : Fulltext
<WORD>     : database
<OTHER>    : (
<NUMBER>   : 2
<OTHER>    : )
<WORD>     : Apply
<WORD>     : Fulltext
<WORD>     : database
<WORD>     : filter
<WORD>     : Database
<OTHER>    : (
<NUMBER>   : 1
<OTHER>    : )
<WORD>     : Apply
<WORD>     : Database
<WORD>     : filter
<WORD>     : Portal
<OTHER>    : (
<NUMBER>   : 1
<OTHER>    : )
<WORD>     : Apply
<WORD>     : Portal
<WORD>     : filter
<WORD>     : Filter
<WORD>     : by
<WORD>     : language
<WORD>     : English
<OTHER>    : (
<NUMBER>   : 2
<OTHER>    : )
<WORD>     : Apply
<WORD>     : English
<WORD>     : filter
<WORD>     : Reset
<WORD>     : all
<WORD>     : filters
<WORD>     : Back
<WORD>     : to
<WORD>     : top
<WORD>     : Social
<WORD>     : Media
<WORD>     : Twitter
<WORD>     : Instagram
<WORD>     : Youtube
<WORD>     : Vimeo
<WORD>     : RSS
<WORD>     : Footer
<WORD>     : menu
<WORD>     : Sitemap
<WORD>     : Accessibility
<WORD>     : Legal
<WORD>     : Notice
<WORD>     : Data
<WORD>     : Protection
